


ARM Macro Assembler    Page 1 


    1 00000000         
    2 00000000         
    3 00000000 E000E010 
                       NVIC_ST_CTRL_R
                               EQU              0xE000E010
    4 00000000 E000E014 
                       NVIC_ST_RELOAD_R
                               EQU              0xE000E014
    5 00000000 E000E018 
                       NVIC_ST_CURRENT_R
                               EQU              0xE000E018
    6 00000000 E000E01C 
                       NVIC_ST_CALIB_R
                               EQU              0xE000E01C
    7 00000000         
    8 00000000         
    9 00000000 00010000 
                       NVIC_ST_CTRL_COUNT
                               EQU              0x00010000  ;Count flag
   10 00000000 00000004 
                       NVIC_ST_CLK_SRC
                               EQU              0x00000004  ;Clock source
   11 00000000 00000002 
                       NVIC_ST_CTRL_INTEN
                               EQU              0x00000002  ;Interrupt enable
   12 00000000 00000001 
                       NVIC_ST_CTRL_ENABLE
                               EQU              0x00000001  ;Counter mode
   13 00000000 00FFFFFF 
                       NVIC_ST_RELOAD_M
                               EQU              0x00FFFFFF  ;Counter lod value
   14 00000000         
   15 00000000         
   16 00000000 40023800 
                       RCC_BASE
                               EQU              0x40023800
   17 00000000 00000030 
                       AHB1ENR_OFFSET
                               EQU              0x30
   18 00000000 40023830 
                       RCC_AHB1ENR
                               EQU              RCC_BASE + AHB1ENR_OFFSET
   19 00000000 40020000 
                       GPIOA_BASE
                               EQU              0x40020000
   20 00000000 00000000 
                       GPIOA_MODER_OFFSET
                               EQU              0x00
   21 00000000 40020000 
                       GPIOA_MODER
                               EQU              GPIOA_BASE + GPIOA_MODER_OFFSET
   22 00000000 00000014 
                       GPIOA_ODR_OFFSET
                               EQU              0x14
   23 00000000 40020014 
                       GPIOA_ODR
                               EQU              GPIOA_BASE + GPIOA_ODR_OFFSET
   24 00000000         
   25 00000000 00000001 



ARM Macro Assembler    Page 2 


                       GPIOA_EN
                               EQU              1<< 0
   26 00000000         
   27 00000000 00000400 
                       MODER5_OUT
                               EQU              1 << 10
   28 00000000         
   29 00000000 00000020 
                       LED_ON  EQU              1 << 5
   30 00000000 00000001 
                       LED_OFF EQU              1 << 0
   31 00000000         
   32 00000000         
   33 00000000 00027100 
                       _10MSDELAY
                               EQU              160000
   34 00000000         
   35 00000000         
   36 00000000                 AREA             |.text|,CODE,READONLY,ALIGN=2
   37 00000000                 THUMB
   38 00000000                 ENTRY
   39 00000000                 EXPORT           __main
   40 00000000         
   41 00000000         
   42 00000000         __main
   43 00000000         
   44 00000000 F000 F805       BL               GPIO_Init
   45 00000004 F000 F810       BL               Systick_Init
   46 00000008         
   47 00000008         
   48 00000008         loop
   49 00000008 F000 F831       BL               Blink
   50 0000000C E7FC            B                loop
   51 0000000E         
   52 0000000E         
   53 0000000E         GPIO_Init
   54 0000000E         
   55 0000000E 481F            LDR              R0,=RCC_AHB1ENR
   56 00000010 6801            LDR              R1,[R0]
   57 00000012 F041 0101       ORR              R1,#GPIOA_EN
   58 00000016 6001            STR              R1,[R0]
   59 00000018         
   60 00000018 481D            LDR              R0,=GPIOA_MODER
   61 0000001A 6801            LDR              R1,[R0]
   62 0000001C F441 6180       ORR              R1,#MODER5_OUT
   63 00000020 6001            STR              R1,[R0]
   64 00000022         
   65 00000022 F04F 0100       MOV              R1,#0
   66 00000026 4A1B            LDR              R2,=GPIOA_ODR
   67 00000028         
   68 00000028         ;BX  LR
   69 00000028         
   70 00000028         Systick_Init
   71 00000028         
   72 00000028         ;SysTick->CTRL  =0;
   73 00000028 491B            LDR              R1,=NVIC_ST_CTRL_R
   74 0000002A F04F 0000       MOV              R0,#0
   75 0000002E 6008            STR              R0,[R1]
   76 00000030         



ARM Macro Assembler    Page 3 


   77 00000030         ;SyTick->LOAD =NVIC_ST_RELOAD_M
   78 00000030 491A            LDR              R1,=NVIC_ST_RELOAD_R
   79 00000032 F06F 407F       LDR              R0,=NVIC_ST_RELOAD_M
   80 00000036 6008            STR              R0,[R1]
   81 00000038         
   82 00000038         ;SysTick->VAL =0;
   83 00000038 4919            LDR              R1,=NVIC_ST_CURRENT_R
   84 0000003A F04F 0000       MOV              R0,#0
   85 0000003E 6008            STR              R0,[R1]
   86 00000040         
   87 00000040         ;Systick->CTRL  |=NVIC_ST_CLK_SRC |NVIC_ST_CTRL_ENABLE
   88 00000040 4915            LDR              R1,=NVIC_ST_CTRL_R
   89 00000042 F04F 0005       MOV              R0,#(NVIC_ST_CLK_SRC+NVIC_ST_CT
RL_ENABLE)
   90 00000046 6008            STR              R0,[R1]
   91 00000048 4770            BX               LR
   92 0000004A         
   93 0000004A         ;Unit is in number clock cycles
   94 0000004A         
   95 0000004A         SysTick_Wait
   96 0000004A 4914            LDR              R1,=NVIC_ST_RELOAD_R
   97 0000004C F1A0 0001       SUB              R0,#1
   98 00000050 6008            STR              R0,[R1]
   99 00000052 4911            LDR              R1,=NVIC_ST_CTRL_R
  100 00000054         lp1
  101 00000054 680B            LDR              R3,[R1]
  102 00000056 F413 3380       ANDS             R3,R3,#NVIC_ST_CTRL_COUNT 
                                                            ; count set ?
  103 0000005A D0FB            BEQ              lp1
  104 0000005C 4770            BX               LR
  105 0000005E         
  106 0000005E         
  107 0000005E         Systick_Wait10ms
  108 0000005E 0004            MOVS             R4,R0
  109 00000060 D004            BEQ              __done
  110 00000062         
  111 00000062         lp2
  112 00000062 4810            LDR              R0,=_10MSDELAY
  113 00000064 F7FF FFF1       BL               SysTick_Wait
  114 00000068 3C01            SUBS             R4,#1
  115 0000006A D8FA            BHI              lp2
  116 0000006C         
  117 0000006C         
  118 0000006C         __done
  119 0000006C 4770            BX               LR
  120 0000006E         
  121 0000006E         
  122 0000006E         
  123 0000006E         Blink
  124 0000006E         
  125 0000006E F04F 0120       MOV              R1,#LED_ON
  126 00000072 6011            STR              R1,[R2]
  127 00000074         
  128 00000074 F04F 0064       MOV              R0,#100
  129 00000078 F7FF FFF1       BL               Systick_Wait10ms
  130 0000007C         
  131 0000007C F04F 0101       MOV              R1,#LED_OFF
  132 00000080 6011            STR              R1,[R2]
  133 00000082         



ARM Macro Assembler    Page 4 


  134 00000082 F04F 0064       MOV              R0,#100
  135 00000086 F7FF FFEA       BL               Systick_Wait10ms
  136 0000008A         
  137 0000008A         
  138 0000008A E7F0            B                Blink
  139 0000008C         
  140 0000008C                 ALIGN
  141 0000008C                 END
              40023830 
              40020000 
              40020014 
              E000E010 
              E000E014 
              E000E018 
              00027100 
Command Line: --debug --xref --diag_suppress=9931 --cpu=Cortex-M4.fp --apcs=int
erwork --depend=.\objects\main.d -o.\objects\main.o -I.\RTE\_stm32f4 -IC:\Users
\Israel\AppData\Local\Arm\Packs\ARM\CMSIS\5.5.1\CMSIS\Core\Include -IC:\Users\I
srael\AppData\Local\Arm\Packs\Keil\STM32F4xx_DFP\2.14.0\Drivers\CMSIS\Device\ST
\STM32F4xx\Include --predefine="__EVAL SETA 1" --predefine="__UVISION_VERSION S
ETA 528" --predefine="_RTE_ SETA 1" --predefine="STM32F411xE SETA 1" --list=.\l
istings\main.lst main.s



ARM Macro Assembler    Page 1 Alphabetic symbol ordering
Relocatable symbols

.text 00000000

Symbol: .text
   Definitions
      At line 36 in file main.s
   Uses
      None
Comment: .text unused
Blink 0000006E

Symbol: Blink
   Definitions
      At line 123 in file main.s
   Uses
      At line 49 in file main.s
      At line 138 in file main.s

GPIO_Init 0000000E

Symbol: GPIO_Init
   Definitions
      At line 53 in file main.s
   Uses
      At line 44 in file main.s
Comment: GPIO_Init used once
SysTick_Wait 0000004A

Symbol: SysTick_Wait
   Definitions
      At line 95 in file main.s
   Uses
      At line 113 in file main.s
Comment: SysTick_Wait used once
Systick_Init 00000028

Symbol: Systick_Init
   Definitions
      At line 70 in file main.s
   Uses
      At line 45 in file main.s
Comment: Systick_Init used once
Systick_Wait10ms 0000005E

Symbol: Systick_Wait10ms
   Definitions
      At line 107 in file main.s
   Uses
      At line 129 in file main.s
      At line 135 in file main.s

__done 0000006C

Symbol: __done
   Definitions
      At line 118 in file main.s
   Uses
      At line 109 in file main.s
Comment: __done used once
__main 00000000



ARM Macro Assembler    Page 2 Alphabetic symbol ordering
Relocatable symbols


Symbol: __main
   Definitions
      At line 42 in file main.s
   Uses
      At line 39 in file main.s
Comment: __main used once
loop 00000008

Symbol: loop
   Definitions
      At line 48 in file main.s
   Uses
      At line 50 in file main.s
Comment: loop used once
lp1 00000054

Symbol: lp1
   Definitions
      At line 100 in file main.s
   Uses
      At line 103 in file main.s
Comment: lp1 used once
lp2 00000062

Symbol: lp2
   Definitions
      At line 111 in file main.s
   Uses
      At line 115 in file main.s
Comment: lp2 used once
11 symbols



ARM Macro Assembler    Page 1 Alphabetic symbol ordering
Absolute symbols

AHB1ENR_OFFSET 00000030

Symbol: AHB1ENR_OFFSET
   Definitions
      At line 17 in file main.s
   Uses
      At line 18 in file main.s
Comment: AHB1ENR_OFFSET used once
GPIOA_BASE 40020000

Symbol: GPIOA_BASE
   Definitions
      At line 19 in file main.s
   Uses
      At line 21 in file main.s
      At line 23 in file main.s

GPIOA_EN 00000001

Symbol: GPIOA_EN
   Definitions
      At line 25 in file main.s
   Uses
      At line 57 in file main.s
Comment: GPIOA_EN used once
GPIOA_MODER 40020000

Symbol: GPIOA_MODER
   Definitions
      At line 21 in file main.s
   Uses
      At line 60 in file main.s
Comment: GPIOA_MODER used once
GPIOA_MODER_OFFSET 00000000

Symbol: GPIOA_MODER_OFFSET
   Definitions
      At line 20 in file main.s
   Uses
      At line 21 in file main.s
Comment: GPIOA_MODER_OFFSET used once
GPIOA_ODR 40020014

Symbol: GPIOA_ODR
   Definitions
      At line 23 in file main.s
   Uses
      At line 66 in file main.s
Comment: GPIOA_ODR used once
GPIOA_ODR_OFFSET 00000014

Symbol: GPIOA_ODR_OFFSET
   Definitions
      At line 22 in file main.s
   Uses
      At line 23 in file main.s
Comment: GPIOA_ODR_OFFSET used once
LED_OFF 00000001




ARM Macro Assembler    Page 2 Alphabetic symbol ordering
Absolute symbols

Symbol: LED_OFF
   Definitions
      At line 30 in file main.s
   Uses
      At line 131 in file main.s
Comment: LED_OFF used once
LED_ON 00000020

Symbol: LED_ON
   Definitions
      At line 29 in file main.s
   Uses
      At line 125 in file main.s
Comment: LED_ON used once
MODER5_OUT 00000400

Symbol: MODER5_OUT
   Definitions
      At line 27 in file main.s
   Uses
      At line 62 in file main.s
Comment: MODER5_OUT used once
NVIC_ST_CALIB_R E000E01C

Symbol: NVIC_ST_CALIB_R
   Definitions
      At line 6 in file main.s
   Uses
      None
Comment: NVIC_ST_CALIB_R unused
NVIC_ST_CLK_SRC 00000004

Symbol: NVIC_ST_CLK_SRC
   Definitions
      At line 10 in file main.s
   Uses
      At line 89 in file main.s
Comment: NVIC_ST_CLK_SRC used once
NVIC_ST_CTRL_COUNT 00010000

Symbol: NVIC_ST_CTRL_COUNT
   Definitions
      At line 9 in file main.s
   Uses
      At line 102 in file main.s
Comment: NVIC_ST_CTRL_COUNT used once
NVIC_ST_CTRL_ENABLE 00000001

Symbol: NVIC_ST_CTRL_ENABLE
   Definitions
      At line 12 in file main.s
   Uses
      At line 89 in file main.s
Comment: NVIC_ST_CTRL_ENABLE used once
NVIC_ST_CTRL_INTEN 00000002

Symbol: NVIC_ST_CTRL_INTEN
   Definitions
      At line 11 in file main.s



ARM Macro Assembler    Page 3 Alphabetic symbol ordering
Absolute symbols

   Uses
      None
Comment: NVIC_ST_CTRL_INTEN unused
NVIC_ST_CTRL_R E000E010

Symbol: NVIC_ST_CTRL_R
   Definitions
      At line 3 in file main.s
   Uses
      At line 73 in file main.s
      At line 88 in file main.s
      At line 99 in file main.s

NVIC_ST_CURRENT_R E000E018

Symbol: NVIC_ST_CURRENT_R
   Definitions
      At line 5 in file main.s
   Uses
      At line 83 in file main.s
Comment: NVIC_ST_CURRENT_R used once
NVIC_ST_RELOAD_M 00FFFFFF

Symbol: NVIC_ST_RELOAD_M
   Definitions
      At line 13 in file main.s
   Uses
      At line 79 in file main.s
Comment: NVIC_ST_RELOAD_M used once
NVIC_ST_RELOAD_R E000E014

Symbol: NVIC_ST_RELOAD_R
   Definitions
      At line 4 in file main.s
   Uses
      At line 78 in file main.s
      At line 96 in file main.s

RCC_AHB1ENR 40023830

Symbol: RCC_AHB1ENR
   Definitions
      At line 18 in file main.s
   Uses
      At line 55 in file main.s
Comment: RCC_AHB1ENR used once
RCC_BASE 40023800

Symbol: RCC_BASE
   Definitions
      At line 16 in file main.s
   Uses
      At line 18 in file main.s
Comment: RCC_BASE used once
_10MSDELAY 00027100

Symbol: _10MSDELAY
   Definitions
      At line 33 in file main.s



ARM Macro Assembler    Page 4 Alphabetic symbol ordering
Absolute symbols

   Uses
      At line 112 in file main.s
Comment: _10MSDELAY used once
22 symbols
370 symbols in table
