


ARM Macro Assembler    Page 1 


    1 00000000 40023800 
                       RCC_BASE
                               EQU              0x40023800
    2 00000000 00000030 
                       AHB1ENR_OFFSET
                               EQU              0x30
    3 00000000 40023830 
                       RCC_AHB1ENR
                               EQU              RCC_BASE + AHB1ENR_OFFSET
    4 00000000         
    5 00000000 40020000 
                       GPIOA_BASE
                               EQU              0x40020000
    6 00000000 00000000 
                       GPIOA_MODER_OFFSET
                               EQU              0x00
    7 00000000 40020000 
                       GPIOA_MODER
                               EQU              GPIOA_BASE + GPIOA_MODER_OFFSET
    8 00000000         
    9 00000000 00000014 
                       GPIOA_ODR_OFFSET
                               EQU              0x14
   10 00000000 40020014 
                       GPIOA_ODR
                               EQU              GPIOA_BASE + GPIOA_ODR_OFFSET
   11 00000000         
   12 00000000 00000018 
                       GPIOA_BSRR_OFFSET
                               EQU              0x18
   13 00000000 40020018 
                       GPIOA_BSRR
                               EQU              GPIOA_BASE + GPIOA_BSRR_OFFSET
   14 00000000         
   15 00000000         
   16 00000000 00000044 
                       APB2ENR_OFFSET
                               EQU              0x44
   17 00000000 40023844 
                       RCC_APB2ENR
                               EQU              RCC_BASE + APB2ENR_OFFSET
   18 00000000         
   19 00000000         
   20 00000000 40012000 
                       ADC1_BASE
                               EQU              0x40012000
   21 00000000         
   22 00000000 00000000 
                       ADC1_SR_OFFSET
                               EQU              0x00
   23 00000000 40012000 
                       ADC1_SR EQU              ADC1_BASE + ADC1_SR_OFFSET
   24 00000000         
   25 00000000 00000008 
                       ADC1_CR2_OFFSET
                               EQU              0x08
   26 00000000 40012008 
                       ADC1_CR2
                               EQU              ADC1_BASE + ADC1_CR2_OFFSET



ARM Macro Assembler    Page 2 


   27 00000000         
   28 00000000 0000002C 
                       ADC1_SQR1_OFFSET
                               EQU              0x2C
   29 00000000 4001202C 
                       ADC1_SQR1
                               EQU              ADC1_BASE + ADC1_SQR1_OFFSET
   30 00000000         
   31 00000000 00000034 
                       ADC1_SQR3_OFFSET
                               EQU              0x34
   32 00000000 40012034 
                       ADC1_SQR3
                               EQU              ADC1_BASE +  ADC1_SQR3_OFFSET
   33 00000000         
   34 00000000 0000004C 
                       ADC1_DR_OFFSET
                               EQU              0x4C
   35 00000000 4001204C 
                       ADC1_DR EQU              ADC1_BASE  + ADC1_DR_OFFSET
   36 00000000         
   37 00000000 00000001 
                       GPIOA_EN
                               EQU              1<< 0
   38 00000000 00000400 
                       MODER5_OUT
                               EQU              1 << 10
   39 00000000         
   40 00000000 00000020 
                       BSRR_5_SET
                               EQU              1 << 5
   41 00000000 00200000 
                       BSRR_5_RESET
                               EQU              1 << 21
   42 00000000         
   43 00000000 00000100 
                       ADC1_EN EQU              0x100
   44 00000000 0000000C 
                       MODER1_ANLG_SLT
                               EQU              0xC
   45 00000000         
   46 00000000 00000001 
                       CR2_CNF EQU              0x01        ;enbable ADC1
   47 00000000 00000000 
                       SQR1_CNF
                               EQU              0           ;conversion sequenc
                                                            e length =1
   48 00000000 00000001 
                       SQR3_CNF
                               EQU              1           ;conversion sequenc
                                                            e starts at ch1
   49 00000000 40000000 
                       CR2_STRT_CNV
                               EQU              0x40000000  ;start conversion
   50 00000000 00000000 
                       CR2_SW_TRIG
                               EQU              0
   51 00000000 00000002 
                       ADC1_SR_FLG



ARM Macro Assembler    Page 3 


                               EQU              0x02
   52 00000000         
   53 00000000 00000BB8 
                       SENS_THRH
                               EQU              3000
   54 00000000         
   55 00000000         
   56 00000000                 AREA             |.text|,CODE,READONLY,ALIGN=2
   57 00000000                 THUMB
   58 00000000                 ENTRY
   59 00000000                 EXPORT           __main
   60 00000000         
   61 00000000         __main
   62 00000000 F000 F807       BL               GPIOA_Init
   63 00000004 F000 F815       BL               ADC1_Init
   64 00000008         
   65 00000008         loop
   66 00000008 F000 F82B       BL               ADC1_Read
   67 0000000C F000 F837       BL               Led_Control
   68 00000010 E7FA            B                loop
   69 00000012         
   70 00000012         
   71 00000012         GPIOA_Init
   72 00000012         ;RCC->AHB1ENR |=GPIOA_EN
   73 00000012 4823            LDR              R0,=RCC_AHB1ENR
   74 00000014 6801            LDR              R1,[R0]
   75 00000016 F041 0101       ORR              R1,#GPIOA_EN
   76 0000001A 6001            STR              R1,[R0]
   77 0000001C         
   78 0000001C         ;GPIOA->MODER  |=MODER5_OUT
   79 0000001C 4821            LDR              R0,=GPIOA_MODER
   80 0000001E 6801            LDR              R1,[R0]
   81 00000020 F441 6180       ORR              R1,#MODER5_OUT
   82 00000024 6001            STR              R1,[R0]
   83 00000026         
   84 00000026         ;GPIOA->MODER |=MODER1_ANLG_SLT
   85 00000026 481F            LDR              R0,=GPIOA_MODER
   86 00000028 6801            LDR              R1,[R0]
   87 0000002A F041 010C       ORR              R1,#MODER1_ANLG_SLT
   88 0000002E 6001            STR              R1,[R0]
   89 00000030         
   90 00000030 4770            BX               LR
   91 00000032         
   92 00000032         ADC1_Init
   93 00000032         ;RCC->APB2ENR |=ADC1_EN
   94 00000032 481D            LDR              R0,=RCC_APB2ENR
   95 00000034 6801            LDR              R1,[R0]
   96 00000036 F441 7180       ORR              R1,#ADC1_EN
   97 0000003A 6001            STR              R1,[R0]
   98 0000003C         
   99 0000003C         ;ADC1->CR2 |=SW_TRIG
  100 0000003C 481B            LDR              R0,=ADC1_CR2
  101 0000003E 6801            LDR              R1,[R0]
  102 00000040 F041 0100       ORR              R1,#CR2_SW_TRIG
  103 00000044 6001            STR              R1,[R0]
  104 00000046         
  105 00000046         ;ADC1->SQR3 =SQR3_CNF
  106 00000046 481A            LDR              R0,=ADC1_SQR3
  107 00000048 F04F 0101       MOV              R1,#SQR3_CNF



ARM Macro Assembler    Page 4 


  108 0000004C 6001            STR              R1,[R0]
  109 0000004E         
  110 0000004E         ;ADC1->SQR1 =SQR1_CNF
  111 0000004E         
  112 0000004E 4819            LDR              R0,=ADC1_SQR1
  113 00000050 F04F 0100       MOV              R1,#SQR1_CNF
  114 00000054 6001            STR              R1,[R0]
  115 00000056         
  116 00000056         ;ADC1->CR2  |= CR2_CNF
  117 00000056 4815            LDR              R0,=ADC1_CR2
  118 00000058 6801            LDR              R1,[R0]
  119 0000005A F041 0101       ORR              R1,#CR2_CNF
  120 0000005E 6001            STR              R1,[R0]
  121 00000060         
  122 00000060 4770            BX               LR
  123 00000062         
  124 00000062         ADC1_Read
  125 00000062         ;ADC1->CR2 |=CR2_STRT_CNV
  126 00000062         
  127 00000062 4812            LDR              R0,=ADC1_CR2
  128 00000064 6801            LDR              R1,[R0]
  129 00000066 F041 4180       ORR              R1,#CR2_STRT_CNV
  130 0000006A 6001            STR              R1,[R0]
  131 0000006C         
  132 0000006C         ;while(!(ADC1->SR & 2)){}
  133 0000006C 4812    lp1     LDR              R0,=ADC1_SR
  134 0000006E 6801            LDR              R1,[R0]
  135 00000070 F001 0102       AND              R1,#ADC1_SR_FLG
  136 00000074 2900            CMP              R1,#0x00
  137 00000076 D0F9            BEQ              lp1
  138 00000078         
  139 00000078 4A10            LDR              R2,=ADC1_DR
  140 0000007A 6810            LDR              R0,[R2]
  141 0000007C 4770            BX               LR
  142 0000007E         
  143 0000007E         Led_Control
  144 0000007E F640 31B8       LDR              R1,=SENS_THRH
  145 00000082 4288            CMP              R0,R1
  146 00000084 DC06            BGT              led_on
  147 00000086 DB00            BLT              led_off
  148 00000088 4770            BX               LR
  149 0000008A         
  150 0000008A         led_off
  151 0000008A 4D0D            LDR              R5,=GPIOA_BSRR
  152 0000008C F44F 1100       MOV              R1,#BSRR_5_RESET
  153 00000090 6029            STR              R1,[R5]
  154 00000092 4770            BX               LR
  155 00000094         
  156 00000094         led_on
  157 00000094 4D0A            LDR              R5,=GPIOA_BSRR
  158 00000096 F04F 0120       MOV              R1,#BSRR_5_SET
  159 0000009A 6029            STR              R1,[R5]
  160 0000009C 4770            BX               LR
  161 0000009E         
  162 0000009E 00 00           ALIGN
  163 000000A0                 END
              40023830 
              40020000 
              40023844 



ARM Macro Assembler    Page 5 


              40012008 
              40012034 
              4001202C 
              40012000 
              4001204C 
              40020018 
Command Line: --debug --xref --diag_suppress=9931 --cpu=Cortex-M4.fp --apcs=int
erwork --depend=.\objects\main.d -o.\objects\main.o -I.\RTE\_stm32 -IC:\Users\I
srael\AppData\Local\Arm\Packs\ARM\CMSIS\5.5.1\CMSIS\Core\Include -IC:\Users\Isr
ael\AppData\Local\Arm\Packs\Keil\STM32F4xx_DFP\2.14.0\Drivers\CMSIS\Device\ST\S
TM32F4xx\Include --predefine="__EVAL SETA 1" --predefine="__UVISION_VERSION SET
A 528" --predefine="_RTE_ SETA 1" --predefine="STM32F411xE SETA 1" --list=.\lis
tings\main.lst main.s



ARM Macro Assembler    Page 1 Alphabetic symbol ordering
Relocatable symbols

.text 00000000

Symbol: .text
   Definitions
      At line 56 in file main.s
   Uses
      None
Comment: .text unused
ADC1_Init 00000032

Symbol: ADC1_Init
   Definitions
      At line 92 in file main.s
   Uses
      At line 63 in file main.s
Comment: ADC1_Init used once
ADC1_Read 00000062

Symbol: ADC1_Read
   Definitions
      At line 124 in file main.s
   Uses
      At line 66 in file main.s
Comment: ADC1_Read used once
GPIOA_Init 00000012

Symbol: GPIOA_Init
   Definitions
      At line 71 in file main.s
   Uses
      At line 62 in file main.s
Comment: GPIOA_Init used once
Led_Control 0000007E

Symbol: Led_Control
   Definitions
      At line 143 in file main.s
   Uses
      At line 67 in file main.s
Comment: Led_Control used once
__main 00000000

Symbol: __main
   Definitions
      At line 61 in file main.s
   Uses
      At line 59 in file main.s
Comment: __main used once
led_off 0000008A

Symbol: led_off
   Definitions
      At line 150 in file main.s
   Uses
      At line 147 in file main.s
Comment: led_off used once
led_on 00000094

Symbol: led_on



ARM Macro Assembler    Page 2 Alphabetic symbol ordering
Relocatable symbols

   Definitions
      At line 156 in file main.s
   Uses
      At line 146 in file main.s
Comment: led_on used once
loop 00000008

Symbol: loop
   Definitions
      At line 65 in file main.s
   Uses
      At line 68 in file main.s
Comment: loop used once
lp1 0000006C

Symbol: lp1
   Definitions
      At line 133 in file main.s
   Uses
      At line 137 in file main.s
Comment: lp1 used once
10 symbols



ARM Macro Assembler    Page 1 Alphabetic symbol ordering
Absolute symbols

ADC1_BASE 40012000

Symbol: ADC1_BASE
   Definitions
      At line 20 in file main.s
   Uses
      At line 23 in file main.s
      At line 26 in file main.s
      At line 29 in file main.s
      At line 32 in file main.s
      At line 35 in file main.s

ADC1_CR2 40012008

Symbol: ADC1_CR2
   Definitions
      At line 26 in file main.s
   Uses
      At line 100 in file main.s
      At line 117 in file main.s
      At line 127 in file main.s

ADC1_CR2_OFFSET 00000008

Symbol: ADC1_CR2_OFFSET
   Definitions
      At line 25 in file main.s
   Uses
      At line 26 in file main.s
Comment: ADC1_CR2_OFFSET used once
ADC1_DR 4001204C

Symbol: ADC1_DR
   Definitions
      At line 35 in file main.s
   Uses
      At line 139 in file main.s
Comment: ADC1_DR used once
ADC1_DR_OFFSET 0000004C

Symbol: ADC1_DR_OFFSET
   Definitions
      At line 34 in file main.s
   Uses
      At line 35 in file main.s
Comment: ADC1_DR_OFFSET used once
ADC1_EN 00000100

Symbol: ADC1_EN
   Definitions
      At line 43 in file main.s
   Uses
      At line 96 in file main.s
Comment: ADC1_EN used once
ADC1_SQR1 4001202C

Symbol: ADC1_SQR1
   Definitions
      At line 29 in file main.s



ARM Macro Assembler    Page 2 Alphabetic symbol ordering
Absolute symbols

   Uses
      At line 112 in file main.s
Comment: ADC1_SQR1 used once
ADC1_SQR1_OFFSET 0000002C

Symbol: ADC1_SQR1_OFFSET
   Definitions
      At line 28 in file main.s
   Uses
      At line 29 in file main.s
Comment: ADC1_SQR1_OFFSET used once
ADC1_SQR3 40012034

Symbol: ADC1_SQR3
   Definitions
      At line 32 in file main.s
   Uses
      At line 106 in file main.s
Comment: ADC1_SQR3 used once
ADC1_SQR3_OFFSET 00000034

Symbol: ADC1_SQR3_OFFSET
   Definitions
      At line 31 in file main.s
   Uses
      At line 32 in file main.s
Comment: ADC1_SQR3_OFFSET used once
ADC1_SR 40012000

Symbol: ADC1_SR
   Definitions
      At line 23 in file main.s
   Uses
      At line 133 in file main.s
Comment: ADC1_SR used once
ADC1_SR_FLG 00000002

Symbol: ADC1_SR_FLG
   Definitions
      At line 51 in file main.s
   Uses
      At line 135 in file main.s
Comment: ADC1_SR_FLG used once
ADC1_SR_OFFSET 00000000

Symbol: ADC1_SR_OFFSET
   Definitions
      At line 22 in file main.s
   Uses
      At line 23 in file main.s
Comment: ADC1_SR_OFFSET used once
AHB1ENR_OFFSET 00000030

Symbol: AHB1ENR_OFFSET
   Definitions
      At line 2 in file main.s
   Uses
      At line 3 in file main.s
Comment: AHB1ENR_OFFSET used once



ARM Macro Assembler    Page 3 Alphabetic symbol ordering
Absolute symbols

APB2ENR_OFFSET 00000044

Symbol: APB2ENR_OFFSET
   Definitions
      At line 16 in file main.s
   Uses
      At line 17 in file main.s
Comment: APB2ENR_OFFSET used once
BSRR_5_RESET 00200000

Symbol: BSRR_5_RESET
   Definitions
      At line 41 in file main.s
   Uses
      At line 152 in file main.s
Comment: BSRR_5_RESET used once
BSRR_5_SET 00000020

Symbol: BSRR_5_SET
   Definitions
      At line 40 in file main.s
   Uses
      At line 158 in file main.s
Comment: BSRR_5_SET used once
CR2_CNF 00000001

Symbol: CR2_CNF
   Definitions
      At line 46 in file main.s
   Uses
      At line 119 in file main.s
Comment: CR2_CNF used once
CR2_STRT_CNV 40000000

Symbol: CR2_STRT_CNV
   Definitions
      At line 49 in file main.s
   Uses
      At line 129 in file main.s
Comment: CR2_STRT_CNV used once
CR2_SW_TRIG 00000000

Symbol: CR2_SW_TRIG
   Definitions
      At line 50 in file main.s
   Uses
      At line 102 in file main.s
Comment: CR2_SW_TRIG used once
GPIOA_BASE 40020000

Symbol: GPIOA_BASE
   Definitions
      At line 5 in file main.s
   Uses
      At line 7 in file main.s
      At line 10 in file main.s
      At line 13 in file main.s

GPIOA_BSRR 40020018



ARM Macro Assembler    Page 4 Alphabetic symbol ordering
Absolute symbols


Symbol: GPIOA_BSRR
   Definitions
      At line 13 in file main.s
   Uses
      At line 151 in file main.s
      At line 157 in file main.s

GPIOA_BSRR_OFFSET 00000018

Symbol: GPIOA_BSRR_OFFSET
   Definitions
      At line 12 in file main.s
   Uses
      At line 13 in file main.s
Comment: GPIOA_BSRR_OFFSET used once
GPIOA_EN 00000001

Symbol: GPIOA_EN
   Definitions
      At line 37 in file main.s
   Uses
      At line 75 in file main.s
Comment: GPIOA_EN used once
GPIOA_MODER 40020000

Symbol: GPIOA_MODER
   Definitions
      At line 7 in file main.s
   Uses
      At line 79 in file main.s
      At line 85 in file main.s

GPIOA_MODER_OFFSET 00000000

Symbol: GPIOA_MODER_OFFSET
   Definitions
      At line 6 in file main.s
   Uses
      At line 7 in file main.s
Comment: GPIOA_MODER_OFFSET used once
GPIOA_ODR 40020014

Symbol: GPIOA_ODR
   Definitions
      At line 10 in file main.s
   Uses
      None
Comment: GPIOA_ODR unused
GPIOA_ODR_OFFSET 00000014

Symbol: GPIOA_ODR_OFFSET
   Definitions
      At line 9 in file main.s
   Uses
      At line 10 in file main.s
Comment: GPIOA_ODR_OFFSET used once
MODER1_ANLG_SLT 0000000C




ARM Macro Assembler    Page 5 Alphabetic symbol ordering
Absolute symbols

Symbol: MODER1_ANLG_SLT
   Definitions
      At line 44 in file main.s
   Uses
      At line 87 in file main.s
Comment: MODER1_ANLG_SLT used once
MODER5_OUT 00000400

Symbol: MODER5_OUT
   Definitions
      At line 38 in file main.s
   Uses
      At line 81 in file main.s
Comment: MODER5_OUT used once
RCC_AHB1ENR 40023830

Symbol: RCC_AHB1ENR
   Definitions
      At line 3 in file main.s
   Uses
      At line 73 in file main.s
Comment: RCC_AHB1ENR used once
RCC_APB2ENR 40023844

Symbol: RCC_APB2ENR
   Definitions
      At line 17 in file main.s
   Uses
      At line 94 in file main.s
Comment: RCC_APB2ENR used once
RCC_BASE 40023800

Symbol: RCC_BASE
   Definitions
      At line 1 in file main.s
   Uses
      At line 3 in file main.s
      At line 17 in file main.s

SENS_THRH 00000BB8

Symbol: SENS_THRH
   Definitions
      At line 53 in file main.s
   Uses
      At line 144 in file main.s
Comment: SENS_THRH used once
SQR1_CNF 00000000

Symbol: SQR1_CNF
   Definitions
      At line 47 in file main.s
   Uses
      At line 113 in file main.s
Comment: SQR1_CNF used once
SQR3_CNF 00000001

Symbol: SQR3_CNF
   Definitions



ARM Macro Assembler    Page 6 Alphabetic symbol ordering
Absolute symbols

      At line 48 in file main.s
   Uses
      At line 107 in file main.s
Comment: SQR3_CNF used once
36 symbols
383 symbols in table
