


ARM Macro Assembler    Page 1 


    1 00000000         
    2 00000000         
    3 00000000 40023800 
                       RCC_BASE
                               EQU              0x40023800
    4 00000000         
    5 00000000 00000030 
                       AHB1ENR_OFFSET
                               EQU              0x30
    6 00000000 40023830 
                       RCC_AHB1ENR
                               EQU              RCC_BASE + AHB1ENR_OFFSET
    7 00000000 40020000 
                       GPIOA_BASE
                               EQU              0x40020000
    8 00000000 00000000 
                       GPIOA_MODER_OFFSET
                               EQU              0x00
    9 00000000 40020000 
                       GPIOA_MODER
                               EQU              GPIOA_BASE + GPIOA_MODER_OFFSET
   10 00000000 00000020 
                       GPIOA_AFRL_OFFSET
                               EQU              0x20
   11 00000000 40020020 
                       GPIOA_AFRL
                               EQU              GPIOA_BASE + GPIOA_AFRL_OFFSET
   12 00000000 00000040 
                       APB1ENR_OFFSET
                               EQU              0x40
   13 00000000 40023840 
                       RCC_APB1ENR
                               EQU              RCC_BASE +  APB1ENR_OFFSET
   14 00000000         
   15 00000000         
   16 00000000 40004400 
                       UART2_BASE
                               EQU              0x40004400
   17 00000000         
   18 00000000 00000008 
                       UART2_BRR_OFFSET
                               EQU              0x08
   19 00000000 40004408 
                       UART2_BRR
                               EQU              UART2_BASE + UART2_BRR_OFFSET
   20 00000000 0000000C 
                       UART2_CR1_OFFSET
                               EQU              0x0C
   21 00000000 4000440C 
                       UART2_CR1
                               EQU              UART2_BASE +  UART2_CR1_OFFSET
   22 00000000 00000010 
                       UART2_CR2_OFFSET
                               EQU              0x10
   23 00000000 40004410 
                       UART2_CR2
                               EQU              UART2_BASE +  UART2_CR2_OFFSET
   24 00000000 00000014 
                       UART2_CR3_OFFSET



ARM Macro Assembler    Page 2 


                               EQU              0x14
   25 00000000 40004414 
                       UART2_CR3
                               EQU              UART2_BASE +  UART2_CR3_OFFSET
   26 00000000 00000000 
                       UART2_SR_OFFSET
                               EQU              0x00
   27 00000000 40004400 
                       UART2_SR
                               EQU              UART2_BASE + UART2_SR_OFFSET
   28 00000000         
   29 00000000 00000004 
                       UART2_DR_OFFSET
                               EQU              0x04
   30 00000000 40004404 
                       UART2_DR
                               EQU              UART2_BASE + UART2_DR_OFFSET
   31 00000000         
   32 00000000         
   33 00000000 00020000 
                       UART2_EN
                               EQU              1<<17
   34 00000000 00000001 
                       GPIOA_EN
                               EQU              1<<0
   35 00000000         
   36 00000000 00000020 
                       GPIOA_ALT_SLT
                               EQU              0x20        ; =  0B    0010 000
                                                            0 ; = 1<<5
   37 00000000 00000700 
                       AF7_SLT EQU              0x700       ; =  0B    0111  00
                                                            00 0000
   38 00000000         
   39 00000000 00000683 
                       BRR_CNF EQU              0x683       ;9600 baudrate @ 16
                                                            MHz
   40 00000000 00000008 
                       CR1_CNF EQU              0x8         ;enable Tx, 8-bit d
                                                            ata
   41 00000000 00000000 
                       CR2_CNF EQU              0x0000      ;1 stop bit
   42 00000000 00000000 
                       CR3_CNF EQU              0x0000      ;no flow control
   43 00000000 00002000 
                       UART2_CR1_EN
                               EQU              0x2000
   44 00000000         
   45 00000000         
   46 00000000 00000080 
                       TX_BF_FLG
                               EQU              0x80
   47 00000000         
   48 00000000         
   49 00000000 0000000D 
                       CR      EQU              0x0D
   50 00000000 0000000A 
                       LF      EQU              0x0A
   51 00000000 00000008 



ARM Macro Assembler    Page 3 


                       BS      EQU              0x08
   52 00000000 0000001B 
                       ESC     EQU              0x1B
   53 00000000 00000020 
                       SPA     EQU              0x20
   54 00000000 0000007F 
                       DEL     EQU              0x7F
   55 00000000         
   56 00000000         
   57 00000000         
   58 00000000                 AREA             |.text|,CODE,READONLY,ALIGN=2
   59 00000000                 THUMB
   60 00000000                 ENTRY
   61 00000000                 EXPORT           __main
   62 00000000         
   63 00000000         __main
   64 00000000 F000 F815       BL               UART_Init
   65 00000004         
   66 00000004 F04F 0059 
                       loop    MOV              R0,#0x59    ; 'Y'
   67 00000008 F000 F83B       BL               UART_WriteChar
   68 0000000C         
   69 0000000C F04F 0065       MOV              R0,#0x65    ;'E'
   70 00000010 F000 F837       BL               UART_WriteChar
   71 00000014         
   72 00000014 F04F 0073       MOV              R0,#0x73    ;'S'
   73 00000018 F000 F833       BL               UART_WriteChar
   74 0000001C         
   75 0000001C F04F 000D       MOV              R0,#CR
   76 00000020 F000 F82F       BL               UART_WriteChar
   77 00000024 F04F 000A       MOV              R0,#LF
   78 00000028 F000 F82B       BL               UART_WriteChar
   79 0000002C         
   80 0000002C         
   81 0000002C         
   82 0000002C         
   83 0000002C E7EA            B                loop
   84 0000002E         
   85 0000002E         
   86 0000002E         
   87 0000002E         
   88 0000002E         
   89 0000002E         
   90 0000002E         UART_Init
   91 0000002E         ;RCC->AHB1ENR |=GPIOA_EN
   92 0000002E 481A            LDR              R0,=RCC_AHB1ENR
   93 00000030 6801            LDR              R1,[R0]
   94 00000032 F041 0101       ORR              R1,#GPIOA_EN
   95 00000036 6001            STR              R1,[R0]
   96 00000038         
   97 00000038         ;RCC->APB1ENR |=UART2_EN
   98 00000038 4818            LDR              R0,=RCC_APB1ENR
   99 0000003A 6801            LDR              R1,[R0]
  100 0000003C F441 3100       ORR              R1,#UART2_EN
  101 00000040 6001            STR              R1,[R0]
  102 00000042         
  103 00000042         
  104 00000042         
  105 00000042         ;GPIOA->AFR[0] |=  AF7_SLT



ARM Macro Assembler    Page 4 


  106 00000042 4817            LDR              R0,=GPIOA_AFRL
  107 00000044 6801            LDR              R1,[R0]
  108 00000046 F441 61E0       ORR              R1,#AF7_SLT
  109 0000004A 6001            STR              R1,[R0]
  110 0000004C         
  111 0000004C         ;GPIOA->MODER |=GPIOA_ALT_SLT
  112 0000004C 4815            LDR              R0,=GPIOA_MODER
  113 0000004E 6801            LDR              R1,[R0]
  114 00000050 F041 0120       ORR              R1,#GPIOA_ALT_SLT
  115 00000054 6001            STR              R1,[R0]
  116 00000056         
  117 00000056         
  118 00000056         ;UART2->BRR = BRR_CNF
  119 00000056 4814            LDR              R0,=UART2_BRR
  120 00000058 F240 6183       MOVW             R1,#BRR_CNF
  121 0000005C 6001            STR              R1,[R0]
  122 0000005E         
  123 0000005E         ;UART2->CR1 = CR1_CNF
  124 0000005E 4813            LDR              R0,=UART2_CR1
  125 00000060 F04F 0108       MOV              R1,#CR1_CNF
  126 00000064 6001            STR              R1,[R0]
  127 00000066         
  128 00000066         ;UART2->CR2 =CR2_CNF
  129 00000066 4812            LDR              R0,=UART2_CR2
  130 00000068 F04F 0100       MOV              R1,#CR2_CNF
  131 0000006C 6001            STR              R1,[R0]
  132 0000006E         
  133 0000006E         ;UART2->CR3 = CR3_CNF
  134 0000006E 4811            LDR              R0,=UART2_CR3
  135 00000070 F04F 0100       MOV              R1,#CR3_CNF
  136 00000074 6001            STR              R1,[R0]
  137 00000076         
  138 00000076         ;UART2->CR1 |= UART2_CR1_EN
  139 00000076 480D            LDR              R0,=UART2_CR1
  140 00000078 6801            LDR              R1,[R0]
  141 0000007A F441 5100       ORR              R1,#UART2_CR1_EN
  142 0000007E 6001            STR              R1,[R0]
  143 00000080 4770            BX               LR
  144 00000082         
  145 00000082         
  146 00000082         UART_WriteChar
  147 00000082         
  148 00000082 490D            LDR              R1,=UART2_SR
  149 00000084         
  150 00000084 680A    oloop   LDR              R2,[R1]
  151 00000086 F002 0280       AND              R2,#TX_BF_FLG
  152 0000008A 2A00            CMP              R2,#0x00
  153 0000008C D0FA            BEQ              oloop
  154 0000008E B2C1            UXTB             R1,R0
  155 00000090 4A0A            LDR              R2,=UART2_DR
  156 00000092 6011            STR              R1,[R2]
  157 00000094 4770            BX               LR
  158 00000096         
  159 00000096 00 00           ALIGN
  160 00000098                 END
              40023830 
              40023840 
              40020020 
              40020000 



ARM Macro Assembler    Page 5 


              40004408 
              4000440C 
              40004410 
              40004414 
              40004400 
              40004404 
Command Line: --debug --xref --diag_suppress=9931 --cpu=Cortex-M4.fp --apcs=int
erwork --depend=.\objects\main.d -o.\objects\main.o -I.\RTE\_STM32F4 -IC:\Users
\Israel\AppData\Local\Arm\Packs\ARM\CMSIS\5.5.1\CMSIS\Core\Include -IC:\Users\I
srael\AppData\Local\Arm\Packs\Keil\STM32F4xx_DFP\2.14.0\Drivers\CMSIS\Device\ST
\STM32F4xx\Include --predefine="__EVAL SETA 1" --predefine="__UVISION_VERSION S
ETA 528" --predefine="_RTE_ SETA 1" --predefine="STM32F411xE SETA 1" --list=.\l
istings\main.lst main.s



ARM Macro Assembler    Page 1 Alphabetic symbol ordering
Relocatable symbols

.text 00000000

Symbol: .text
   Definitions
      At line 58 in file main.s
   Uses
      None
Comment: .text unused
UART_Init 0000002E

Symbol: UART_Init
   Definitions
      At line 90 in file main.s
   Uses
      At line 64 in file main.s
Comment: UART_Init used once
UART_WriteChar 00000082

Symbol: UART_WriteChar
   Definitions
      At line 146 in file main.s
   Uses
      At line 67 in file main.s
      At line 70 in file main.s
      At line 73 in file main.s
      At line 76 in file main.s
      At line 78 in file main.s

__main 00000000

Symbol: __main
   Definitions
      At line 63 in file main.s
   Uses
      At line 61 in file main.s
Comment: __main used once
loop 00000004

Symbol: loop
   Definitions
      At line 66 in file main.s
   Uses
      At line 83 in file main.s
Comment: loop used once
oloop 00000084

Symbol: oloop
   Definitions
      At line 150 in file main.s
   Uses
      At line 153 in file main.s
Comment: oloop used once
6 symbols



ARM Macro Assembler    Page 1 Alphabetic symbol ordering
Absolute symbols

AF7_SLT 00000700

Symbol: AF7_SLT
   Definitions
      At line 37 in file main.s
   Uses
      At line 108 in file main.s
Comment: AF7_SLT used once
AHB1ENR_OFFSET 00000030

Symbol: AHB1ENR_OFFSET
   Definitions
      At line 5 in file main.s
   Uses
      At line 6 in file main.s
Comment: AHB1ENR_OFFSET used once
APB1ENR_OFFSET 00000040

Symbol: APB1ENR_OFFSET
   Definitions
      At line 12 in file main.s
   Uses
      At line 13 in file main.s
Comment: APB1ENR_OFFSET used once
BRR_CNF 00000683

Symbol: BRR_CNF
   Definitions
      At line 39 in file main.s
   Uses
      At line 120 in file main.s
Comment: BRR_CNF used once
BS 00000008

Symbol: BS
   Definitions
      At line 51 in file main.s
   Uses
      None
Comment: BS unused
CR 0000000D

Symbol: CR
   Definitions
      At line 49 in file main.s
   Uses
      At line 75 in file main.s
Comment: CR used once
CR1_CNF 00000008

Symbol: CR1_CNF
   Definitions
      At line 40 in file main.s
   Uses
      At line 125 in file main.s
Comment: CR1_CNF used once
CR2_CNF 00000000

Symbol: CR2_CNF



ARM Macro Assembler    Page 2 Alphabetic symbol ordering
Absolute symbols

   Definitions
      At line 41 in file main.s
   Uses
      At line 130 in file main.s
Comment: CR2_CNF used once
CR3_CNF 00000000

Symbol: CR3_CNF
   Definitions
      At line 42 in file main.s
   Uses
      At line 135 in file main.s
Comment: CR3_CNF used once
DEL 0000007F

Symbol: DEL
   Definitions
      At line 54 in file main.s
   Uses
      None
Comment: DEL unused
ESC 0000001B

Symbol: ESC
   Definitions
      At line 52 in file main.s
   Uses
      None
Comment: ESC unused
GPIOA_AFRL 40020020

Symbol: GPIOA_AFRL
   Definitions
      At line 11 in file main.s
   Uses
      At line 106 in file main.s
Comment: GPIOA_AFRL used once
GPIOA_AFRL_OFFSET 00000020

Symbol: GPIOA_AFRL_OFFSET
   Definitions
      At line 10 in file main.s
   Uses
      At line 11 in file main.s
Comment: GPIOA_AFRL_OFFSET used once
GPIOA_ALT_SLT 00000020

Symbol: GPIOA_ALT_SLT
   Definitions
      At line 36 in file main.s
   Uses
      At line 114 in file main.s
Comment: GPIOA_ALT_SLT used once
GPIOA_BASE 40020000

Symbol: GPIOA_BASE
   Definitions
      At line 7 in file main.s
   Uses



ARM Macro Assembler    Page 3 Alphabetic symbol ordering
Absolute symbols

      At line 9 in file main.s
      At line 11 in file main.s

GPIOA_EN 00000001

Symbol: GPIOA_EN
   Definitions
      At line 34 in file main.s
   Uses
      At line 94 in file main.s
Comment: GPIOA_EN used once
GPIOA_MODER 40020000

Symbol: GPIOA_MODER
   Definitions
      At line 9 in file main.s
   Uses
      At line 112 in file main.s
Comment: GPIOA_MODER used once
GPIOA_MODER_OFFSET 00000000

Symbol: GPIOA_MODER_OFFSET
   Definitions
      At line 8 in file main.s
   Uses
      At line 9 in file main.s
Comment: GPIOA_MODER_OFFSET used once
LF 0000000A

Symbol: LF
   Definitions
      At line 50 in file main.s
   Uses
      At line 77 in file main.s
Comment: LF used once
RCC_AHB1ENR 40023830

Symbol: RCC_AHB1ENR
   Definitions
      At line 6 in file main.s
   Uses
      At line 92 in file main.s
Comment: RCC_AHB1ENR used once
RCC_APB1ENR 40023840

Symbol: RCC_APB1ENR
   Definitions
      At line 13 in file main.s
   Uses
      At line 98 in file main.s
Comment: RCC_APB1ENR used once
RCC_BASE 40023800

Symbol: RCC_BASE
   Definitions
      At line 3 in file main.s
   Uses
      At line 6 in file main.s
      At line 13 in file main.s



ARM Macro Assembler    Page 4 Alphabetic symbol ordering
Absolute symbols


SPA 00000020

Symbol: SPA
   Definitions
      At line 53 in file main.s
   Uses
      None
Comment: SPA unused
TX_BF_FLG 00000080

Symbol: TX_BF_FLG
   Definitions
      At line 46 in file main.s
   Uses
      At line 151 in file main.s
Comment: TX_BF_FLG used once
UART2_BASE 40004400

Symbol: UART2_BASE
   Definitions
      At line 16 in file main.s
   Uses
      At line 19 in file main.s
      At line 21 in file main.s
      At line 23 in file main.s
      At line 25 in file main.s
      At line 27 in file main.s
      At line 30 in file main.s

UART2_BRR 40004408

Symbol: UART2_BRR
   Definitions
      At line 19 in file main.s
   Uses
      At line 119 in file main.s
Comment: UART2_BRR used once
UART2_BRR_OFFSET 00000008

Symbol: UART2_BRR_OFFSET
   Definitions
      At line 18 in file main.s
   Uses
      At line 19 in file main.s
Comment: UART2_BRR_OFFSET used once
UART2_CR1 4000440C

Symbol: UART2_CR1
   Definitions
      At line 21 in file main.s
   Uses
      At line 124 in file main.s
      At line 139 in file main.s

UART2_CR1_EN 00002000

Symbol: UART2_CR1_EN
   Definitions



ARM Macro Assembler    Page 5 Alphabetic symbol ordering
Absolute symbols

      At line 43 in file main.s
   Uses
      At line 141 in file main.s
Comment: UART2_CR1_EN used once
UART2_CR1_OFFSET 0000000C

Symbol: UART2_CR1_OFFSET
   Definitions
      At line 20 in file main.s
   Uses
      At line 21 in file main.s
Comment: UART2_CR1_OFFSET used once
UART2_CR2 40004410

Symbol: UART2_CR2
   Definitions
      At line 23 in file main.s
   Uses
      At line 129 in file main.s
Comment: UART2_CR2 used once
UART2_CR2_OFFSET 00000010

Symbol: UART2_CR2_OFFSET
   Definitions
      At line 22 in file main.s
   Uses
      At line 23 in file main.s
Comment: UART2_CR2_OFFSET used once
UART2_CR3 40004414

Symbol: UART2_CR3
   Definitions
      At line 25 in file main.s
   Uses
      At line 134 in file main.s
Comment: UART2_CR3 used once
UART2_CR3_OFFSET 00000014

Symbol: UART2_CR3_OFFSET
   Definitions
      At line 24 in file main.s
   Uses
      At line 25 in file main.s
Comment: UART2_CR3_OFFSET used once
UART2_DR 40004404

Symbol: UART2_DR
   Definitions
      At line 30 in file main.s
   Uses
      At line 155 in file main.s
Comment: UART2_DR used once
UART2_DR_OFFSET 00000004

Symbol: UART2_DR_OFFSET
   Definitions
      At line 29 in file main.s
   Uses
      At line 30 in file main.s



ARM Macro Assembler    Page 6 Alphabetic symbol ordering
Absolute symbols

Comment: UART2_DR_OFFSET used once
UART2_EN 00020000

Symbol: UART2_EN
   Definitions
      At line 33 in file main.s
   Uses
      At line 100 in file main.s
Comment: UART2_EN used once
UART2_SR 40004400

Symbol: UART2_SR
   Definitions
      At line 27 in file main.s
   Uses
      At line 148 in file main.s
Comment: UART2_SR used once
UART2_SR_OFFSET 00000000

Symbol: UART2_SR_OFFSET
   Definitions
      At line 26 in file main.s
   Uses
      At line 27 in file main.s
Comment: UART2_SR_OFFSET used once
39 symbols
382 symbols in table
