


ARM Macro Assembler    Page 1 


    1 00000000         
    2 00000000         
    3 00000000 40023800 
                       RCC_BASE
                               EQU              0x40023800
    4 00000000         
    5 00000000 00000030 
                       AHB1ENR_OFFSET
                               EQU              0x30
    6 00000000 40023830 
                       RCC_AHB1ENR
                               EQU              RCC_BASE + AHB1ENR_OFFSET
    7 00000000 40020000 
                       GPIOA_BASE
                               EQU              0x40020000
    8 00000000 00000000 
                       GPIOA_MODER_OFFSET
                               EQU              0x00
    9 00000000 40020000 
                       GPIOA_MODER
                               EQU              GPIOA_BASE + GPIOA_MODER_OFFSET
   10 00000000 00000020 
                       GPIOA_AFRL_OFFSET
                               EQU              0x20
   11 00000000 40020020 
                       GPIOA_AFRL
                               EQU              GPIOA_BASE + GPIOA_AFRL_OFFSET
   12 00000000 00000040 
                       APB1ENR_OFFSET
                               EQU              0x40
   13 00000000 40023840 
                       RCC_APB1ENR
                               EQU              RCC_BASE +  APB1ENR_OFFSET
   14 00000000         
   15 00000000         
   16 00000000 40004400 
                       UART2_BASE
                               EQU              0x40004400
   17 00000000         
   18 00000000 00000008 
                       UART2_BRR_OFFSET
                               EQU              0x08
   19 00000000 40004408 
                       UART2_BRR
                               EQU              UART2_BASE + UART2_BRR_OFFSET
   20 00000000 0000000C 
                       UART2_CR1_OFFSET
                               EQU              0x0C
   21 00000000 4000440C 
                       UART2_CR1
                               EQU              UART2_BASE +  UART2_CR1_OFFSET
   22 00000000 00000010 
                       UART2_CR2_OFFSET
                               EQU              0x10
   23 00000000 40004410 
                       UART2_CR2
                               EQU              UART2_BASE +  UART2_CR2_OFFSET
   24 00000000 00000014 
                       UART2_CR3_OFFSET



ARM Macro Assembler    Page 2 


                               EQU              0x14
   25 00000000 40004414 
                       UART2_CR3
                               EQU              UART2_BASE +  UART2_CR3_OFFSET
   26 00000000 00000000 
                       UART2_SR_OFFSET
                               EQU              0x00
   27 00000000 40004400 
                       UART2_SR
                               EQU              UART2_BASE + UART2_SR_OFFSET
   28 00000000         
   29 00000000 00000004 
                       UART2_DR_OFFSET
                               EQU              0x04
   30 00000000 40004404 
                       UART2_DR
                               EQU              UART2_BASE + UART2_DR_OFFSET
   31 00000000         
   32 00000000         
   33 00000000 00000018 
                       GPIOA_BSRR_OFFSET
                               EQU              0x18
   34 00000000 40020018 
                       GPIOA_BSRR
                               EQU              GPIOA_BASE + GPIOA_BSRR_OFFSET
   35 00000000         
   36 00000000 00020000 
                       UART2_EN
                               EQU              1<<17
   37 00000000 00000001 
                       GPIOA_EN
                               EQU              1<<0
   38 00000000         
   39 00000000 00000080 
                       GPIOA_ALT_SLT
                               EQU              0x80
   40 00000000 00007000 
                       AF7_SLT EQU              0x7000      ; =  0B    0111 000
                                                            0 0000 0000
   41 00000000         
   42 00000000 00000400 
                       MODER5_OUT
                               EQU              1<<10
   43 00000000         
   44 00000000 0000008B 
                       BRR_CNF EQU              0x008B      ;115200 baudrate @ 
                                                            16MHz
   45 00000000 00000004 
                       CR1_CNF EQU              0x4         ;enable Rx, 8-bit d
                                                            ata
   46 00000000 00000000 
                       CR2_CNF EQU              0x0000      ;1 stop bit
   47 00000000 00000000 
                       CR3_CNF EQU              0x0000      ;no flow control
   48 00000000 00002000 
                       UART2_CR1_EN
                               EQU              0x2000
   49 00000000         
   50 00000000 00000020 



ARM Macro Assembler    Page 3 


                       BSRR_5_SET
                               EQU              1<<5
   51 00000000 00200000 
                       BSRR_5_RESET
                               EQU              1<<21
   52 00000000         
   53 00000000         
   54 00000000         ;PA  : TX
   55 00000000         ;PA3 :RX
   56 00000000         
   57 00000000 00000080 
                       TX_BF_FLG
                               EQU              0x80
   58 00000000 00000020 
                       RX_BF_FLG
                               EQU              0x20
   59 00000000         
   60 00000000 0000000D 
                       CR      EQU              0x0D
   61 00000000 0000000A 
                       LF      EQU              0x0A
   62 00000000 00000008 
                       BS      EQU              0x08
   63 00000000 0000001B 
                       ESC     EQU              0x1B
   64 00000000 00000020 
                       SPA     EQU              0x20
   65 00000000 0000007F 
                       DEL     EQU              0x7F
   66 00000000         
   67 00000000         
   68 00000000 00516155 
                       ONESEC  EQU              5333333
   69 00000000         
   70 00000000                 AREA             |.text|,CODE,READONLY,ALIGN=2
   71 00000000                 THUMB
   72 00000000                 ENTRY
   73 00000000                 EXPORT           __main
   74 00000000         
   75 00000000         __main
   76 00000000 F000 F805       BL               IO_Init
   77 00000004         
   78 00000004         loop
   79 00000004 F000 F832       BL               UART_ReadChar
   80 00000008 F000 F846       BL               LED_Blink
   81 0000000C         
   82 0000000C E7FA            B                loop
   83 0000000E         
   84 0000000E         
   85 0000000E         
   86 0000000E         
   87 0000000E         
   88 0000000E         
   89 0000000E         IO_Init
   90 0000000E         ;RCC->AHB1ENR |=GPIOA_EN
   91 0000000E 482C            LDR              R0,=RCC_AHB1ENR
   92 00000010 6801            LDR              R1,[R0]
   93 00000012 F041 0101       ORR              R1,#GPIOA_EN
   94 00000016 6001            STR              R1,[R0]



ARM Macro Assembler    Page 4 


   95 00000018         
   96 00000018         ;RCC->APB1ENR |=UART2_EN
   97 00000018 482A            LDR              R0,=RCC_APB1ENR
   98 0000001A 6801            LDR              R1,[R0]
   99 0000001C F441 3100       ORR              R1,#UART2_EN
  100 00000020 6001            STR              R1,[R0]
  101 00000022         
  102 00000022         
  103 00000022         
  104 00000022         ;GPIOA->AFR[0] |=  AF7_SLT
  105 00000022 4829            LDR              R0,=GPIOA_AFRL
  106 00000024 6801            LDR              R1,[R0]
  107 00000026 F441 41E0       ORR              R1,#AF7_SLT
  108 0000002A 6001            STR              R1,[R0]
  109 0000002C         
  110 0000002C         ;GPIOA->MODER |=GPIOA_ALT_SLT
  111 0000002C 4827            LDR              R0,=GPIOA_MODER
  112 0000002E 6801            LDR              R1,[R0]
  113 00000030 F041 0180       ORR              R1,#GPIOA_ALT_SLT
  114 00000034 6001            STR              R1,[R0]
  115 00000036         
  116 00000036         
  117 00000036         ;GPIOA->MODER |= MODER5_OUT
  118 00000036 4825            LDR              R0,=GPIOA_MODER
  119 00000038 6801            LDR              R1,[R0]
  120 0000003A F441 6180       ORR              R1,#MODER5_OUT
  121 0000003E 6001            STR              R1,[R0]
  122 00000040         
  123 00000040         
  124 00000040         ;UART2->BRR = BRR_CNF
  125 00000040 4823            LDR              R0,=UART2_BRR
  126 00000042 F240 018B       MOVW             R1,#BRR_CNF
  127 00000046 6001            STR              R1,[R0]
  128 00000048         
  129 00000048         ;UART2->CR1 = CR1_CNF
  130 00000048 4822            LDR              R0,=UART2_CR1
  131 0000004A F04F 0104       MOV              R1,#CR1_CNF
  132 0000004E 6001            STR              R1,[R0]
  133 00000050         
  134 00000050         ;UART2->CR2 =CR2_CNF
  135 00000050 4821            LDR              R0,=UART2_CR2
  136 00000052 F04F 0100       MOV              R1,#CR2_CNF
  137 00000056 6001            STR              R1,[R0]
  138 00000058         
  139 00000058         ;UART2->CR3 = CR3_CNF
  140 00000058 4820            LDR              R0,=UART2_CR3
  141 0000005A F04F 0100       MOV              R1,#CR3_CNF
  142 0000005E 6001            STR              R1,[R0]
  143 00000060         
  144 00000060         ;UART2->CR1 |= UART2_CR1_EN
  145 00000060 481C            LDR              R0,=UART2_CR1
  146 00000062 6801            LDR              R1,[R0]
  147 00000064 F441 5100       ORR              R1,#UART2_CR1_EN
  148 00000068 6001            STR              R1,[R0]
  149 0000006A 4770            BX               LR
  150 0000006C         
  151 0000006C         UART_ReadChar
  152 0000006C 491C            LDR              R1,=UART2_SR
  153 0000006E         



ARM Macro Assembler    Page 5 


  154 0000006E 680A    iloop   LDR              R2,[R1]     ;read SR
  155 00000070 F002 0220       AND              R2,#RX_BF_FLG
  156 00000074 2A00            CMP              R2,#0x00
  157 00000076 D0FA            BEQ              iloop
  158 00000078         
  159 00000078 4B1A            LDR              R3,=UART2_DR
  160 0000007A 6818            LDR              R0,[R3]
  161 0000007C 4770            BX               LR
  162 0000007E         
  163 0000007E         
  164 0000007E         UART_WriteChar
  165 0000007E         
  166 0000007E 4918            LDR              R1,=UART2_SR
  167 00000080         
  168 00000080 680A    oloop   LDR              R2,[R1]
  169 00000082 F002 0280       AND              R2,#TX_BF_FLG
  170 00000086 2A00            CMP              R2,#0x00
  171 00000088 D0FA            BEQ              oloop
  172 0000008A B2C1            UXTB             R1,R0
  173 0000008C 4A15            LDR              R2,=UART2_DR
  174 0000008E 6011            STR              R1,[R2]
  175 00000090 4770            BX               LR
  176 00000092         
  177 00000092         
  178 00000092         Delay
  179 00000092 1E5B            SUBS             R3,R3,#1
  180 00000094 D1FD            BNE              Delay
  181 00000096 4770            BX               LR
  182 00000098         
  183 00000098         LED_Blink
  184 00000098 4603            MOV              R3,R0
  185 0000009A 2B31            CMP              R3,#0x0031  ; KEY1
  186 0000009C D000            BEQ              pt0
  187 0000009E 4770            BX               LR
  188 000000A0         
  189 000000A0         
  190 000000A0         pt0
  191 000000A0         
  192 000000A0 2020            MOVS             R0,#BSRR_5_SET
  193 000000A2 4911            LDR              R1,=GPIOA_BSRR
  194 000000A4 6008            STR              R0,[R1]
  195 000000A6         
  196 000000A6 4B11            LDR              R3,=ONESEC
  197 000000A8 F7FF FFF3       BL               Delay
  198 000000AC         
  199 000000AC F45F 1000       MOVS             R0,#BSRR_5_RESET
  200 000000B0 490D            LDR              R1,=GPIOA_BSRR
  201 000000B2 6008            STR              R0,[R1]
  202 000000B4         
  203 000000B4 4B0D            LDR              R3,=ONESEC
  204 000000B6 F7FF FFEC       BL               Delay
  205 000000BA         
  206 000000BA F7FF FFD7       BL               UART_ReadChar
  207 000000BE         
  208 000000BE         
  209 000000BE 00 00           ALIGN
  210 000000C0                 END
              40023830 
              40023840 



ARM Macro Assembler    Page 6 


              40020020 
              40020000 
              40004408 
              4000440C 
              40004410 
              40004414 
              40004400 
              40004404 
              40020018 
              00516155 
Command Line: --debug --xref --diag_suppress=9931 --cpu=Cortex-M4.fp --apcs=int
erwork --depend=.\objects\main.d -o.\objects\main.o -I.\RTE\_STM32F4 -IC:\Users
\Israel\AppData\Local\Arm\Packs\ARM\CMSIS\5.5.1\CMSIS\Core\Include -IC:\Users\I
srael\AppData\Local\Arm\Packs\Keil\STM32F4xx_DFP\2.14.0\Drivers\CMSIS\Device\ST
\STM32F4xx\Include --predefine="__EVAL SETA 1" --predefine="__UVISION_VERSION S
ETA 528" --predefine="_RTE_ SETA 1" --predefine="STM32F411xE SETA 1" --list=.\l
istings\main.lst main.s



ARM Macro Assembler    Page 1 Alphabetic symbol ordering
Relocatable symbols

.text 00000000

Symbol: .text
   Definitions
      At line 70 in file main.s
   Uses
      None
Comment: .text unused
Delay 00000092

Symbol: Delay
   Definitions
      At line 178 in file main.s
   Uses
      At line 180 in file main.s
      At line 197 in file main.s
      At line 204 in file main.s

IO_Init 0000000E

Symbol: IO_Init
   Definitions
      At line 89 in file main.s
   Uses
      At line 76 in file main.s
Comment: IO_Init used once
LED_Blink 00000098

Symbol: LED_Blink
   Definitions
      At line 183 in file main.s
   Uses
      At line 80 in file main.s
Comment: LED_Blink used once
UART_ReadChar 0000006C

Symbol: UART_ReadChar
   Definitions
      At line 151 in file main.s
   Uses
      At line 79 in file main.s
      At line 206 in file main.s

UART_WriteChar 0000007E

Symbol: UART_WriteChar
   Definitions
      At line 164 in file main.s
   Uses
      None
Comment: UART_WriteChar unused
__main 00000000

Symbol: __main
   Definitions
      At line 75 in file main.s
   Uses
      At line 73 in file main.s
Comment: __main used once



ARM Macro Assembler    Page 2 Alphabetic symbol ordering
Relocatable symbols

iloop 0000006E

Symbol: iloop
   Definitions
      At line 154 in file main.s
   Uses
      At line 157 in file main.s
Comment: iloop used once
loop 00000004

Symbol: loop
   Definitions
      At line 78 in file main.s
   Uses
      At line 82 in file main.s
Comment: loop used once
oloop 00000080

Symbol: oloop
   Definitions
      At line 168 in file main.s
   Uses
      At line 171 in file main.s
Comment: oloop used once
pt0 000000A0

Symbol: pt0
   Definitions
      At line 190 in file main.s
   Uses
      At line 186 in file main.s
Comment: pt0 used once
11 symbols



ARM Macro Assembler    Page 1 Alphabetic symbol ordering
Absolute symbols

AF7_SLT 00007000

Symbol: AF7_SLT
   Definitions
      At line 40 in file main.s
   Uses
      At line 107 in file main.s
Comment: AF7_SLT used once
AHB1ENR_OFFSET 00000030

Symbol: AHB1ENR_OFFSET
   Definitions
      At line 5 in file main.s
   Uses
      At line 6 in file main.s
Comment: AHB1ENR_OFFSET used once
APB1ENR_OFFSET 00000040

Symbol: APB1ENR_OFFSET
   Definitions
      At line 12 in file main.s
   Uses
      At line 13 in file main.s
Comment: APB1ENR_OFFSET used once
BRR_CNF 0000008B

Symbol: BRR_CNF
   Definitions
      At line 44 in file main.s
   Uses
      At line 126 in file main.s
Comment: BRR_CNF used once
BS 00000008

Symbol: BS
   Definitions
      At line 62 in file main.s
   Uses
      None
Comment: BS unused
BSRR_5_RESET 00200000

Symbol: BSRR_5_RESET
   Definitions
      At line 51 in file main.s
   Uses
      At line 199 in file main.s
Comment: BSRR_5_RESET used once
BSRR_5_SET 00000020

Symbol: BSRR_5_SET
   Definitions
      At line 50 in file main.s
   Uses
      At line 192 in file main.s
Comment: BSRR_5_SET used once
CR 0000000D

Symbol: CR



ARM Macro Assembler    Page 2 Alphabetic symbol ordering
Absolute symbols

   Definitions
      At line 60 in file main.s
   Uses
      None
Comment: CR unused
CR1_CNF 00000004

Symbol: CR1_CNF
   Definitions
      At line 45 in file main.s
   Uses
      At line 131 in file main.s
Comment: CR1_CNF used once
CR2_CNF 00000000

Symbol: CR2_CNF
   Definitions
      At line 46 in file main.s
   Uses
      At line 136 in file main.s
Comment: CR2_CNF used once
CR3_CNF 00000000

Symbol: CR3_CNF
   Definitions
      At line 47 in file main.s
   Uses
      At line 141 in file main.s
Comment: CR3_CNF used once
DEL 0000007F

Symbol: DEL
   Definitions
      At line 65 in file main.s
   Uses
      None
Comment: DEL unused
ESC 0000001B

Symbol: ESC
   Definitions
      At line 63 in file main.s
   Uses
      None
Comment: ESC unused
GPIOA_AFRL 40020020

Symbol: GPIOA_AFRL
   Definitions
      At line 11 in file main.s
   Uses
      At line 105 in file main.s
Comment: GPIOA_AFRL used once
GPIOA_AFRL_OFFSET 00000020

Symbol: GPIOA_AFRL_OFFSET
   Definitions
      At line 10 in file main.s
   Uses



ARM Macro Assembler    Page 3 Alphabetic symbol ordering
Absolute symbols

      At line 11 in file main.s
Comment: GPIOA_AFRL_OFFSET used once
GPIOA_ALT_SLT 00000080

Symbol: GPIOA_ALT_SLT
   Definitions
      At line 39 in file main.s
   Uses
      At line 113 in file main.s
Comment: GPIOA_ALT_SLT used once
GPIOA_BASE 40020000

Symbol: GPIOA_BASE
   Definitions
      At line 7 in file main.s
   Uses
      At line 9 in file main.s
      At line 11 in file main.s
      At line 34 in file main.s

GPIOA_BSRR 40020018

Symbol: GPIOA_BSRR
   Definitions
      At line 34 in file main.s
   Uses
      At line 193 in file main.s
      At line 200 in file main.s

GPIOA_BSRR_OFFSET 00000018

Symbol: GPIOA_BSRR_OFFSET
   Definitions
      At line 33 in file main.s
   Uses
      At line 34 in file main.s
Comment: GPIOA_BSRR_OFFSET used once
GPIOA_EN 00000001

Symbol: GPIOA_EN
   Definitions
      At line 37 in file main.s
   Uses
      At line 93 in file main.s
Comment: GPIOA_EN used once
GPIOA_MODER 40020000

Symbol: GPIOA_MODER
   Definitions
      At line 9 in file main.s
   Uses
      At line 111 in file main.s
      At line 118 in file main.s

GPIOA_MODER_OFFSET 00000000

Symbol: GPIOA_MODER_OFFSET
   Definitions
      At line 8 in file main.s



ARM Macro Assembler    Page 4 Alphabetic symbol ordering
Absolute symbols

   Uses
      At line 9 in file main.s
Comment: GPIOA_MODER_OFFSET used once
LF 0000000A

Symbol: LF
   Definitions
      At line 61 in file main.s
   Uses
      None
Comment: LF unused
MODER5_OUT 00000400

Symbol: MODER5_OUT
   Definitions
      At line 42 in file main.s
   Uses
      At line 120 in file main.s
Comment: MODER5_OUT used once
ONESEC 00516155

Symbol: ONESEC
   Definitions
      At line 68 in file main.s
   Uses
      At line 196 in file main.s
      At line 203 in file main.s

RCC_AHB1ENR 40023830

Symbol: RCC_AHB1ENR
   Definitions
      At line 6 in file main.s
   Uses
      At line 91 in file main.s
Comment: RCC_AHB1ENR used once
RCC_APB1ENR 40023840

Symbol: RCC_APB1ENR
   Definitions
      At line 13 in file main.s
   Uses
      At line 97 in file main.s
Comment: RCC_APB1ENR used once
RCC_BASE 40023800

Symbol: RCC_BASE
   Definitions
      At line 3 in file main.s
   Uses
      At line 6 in file main.s
      At line 13 in file main.s

RX_BF_FLG 00000020

Symbol: RX_BF_FLG
   Definitions
      At line 58 in file main.s
   Uses



ARM Macro Assembler    Page 5 Alphabetic symbol ordering
Absolute symbols

      At line 155 in file main.s
Comment: RX_BF_FLG used once
SPA 00000020

Symbol: SPA
   Definitions
      At line 64 in file main.s
   Uses
      None
Comment: SPA unused
TX_BF_FLG 00000080

Symbol: TX_BF_FLG
   Definitions
      At line 57 in file main.s
   Uses
      At line 169 in file main.s
Comment: TX_BF_FLG used once
UART2_BASE 40004400

Symbol: UART2_BASE
   Definitions
      At line 16 in file main.s
   Uses
      At line 19 in file main.s
      At line 21 in file main.s
      At line 23 in file main.s
      At line 25 in file main.s
      At line 27 in file main.s
      At line 30 in file main.s

UART2_BRR 40004408

Symbol: UART2_BRR
   Definitions
      At line 19 in file main.s
   Uses
      At line 125 in file main.s
Comment: UART2_BRR used once
UART2_BRR_OFFSET 00000008

Symbol: UART2_BRR_OFFSET
   Definitions
      At line 18 in file main.s
   Uses
      At line 19 in file main.s
Comment: UART2_BRR_OFFSET used once
UART2_CR1 4000440C

Symbol: UART2_CR1
   Definitions
      At line 21 in file main.s
   Uses
      At line 130 in file main.s
      At line 145 in file main.s

UART2_CR1_EN 00002000

Symbol: UART2_CR1_EN



ARM Macro Assembler    Page 6 Alphabetic symbol ordering
Absolute symbols

   Definitions
      At line 48 in file main.s
   Uses
      At line 147 in file main.s
Comment: UART2_CR1_EN used once
UART2_CR1_OFFSET 0000000C

Symbol: UART2_CR1_OFFSET
   Definitions
      At line 20 in file main.s
   Uses
      At line 21 in file main.s
Comment: UART2_CR1_OFFSET used once
UART2_CR2 40004410

Symbol: UART2_CR2
   Definitions
      At line 23 in file main.s
   Uses
      At line 135 in file main.s
Comment: UART2_CR2 used once
UART2_CR2_OFFSET 00000010

Symbol: UART2_CR2_OFFSET
   Definitions
      At line 22 in file main.s
   Uses
      At line 23 in file main.s
Comment: UART2_CR2_OFFSET used once
UART2_CR3 40004414

Symbol: UART2_CR3
   Definitions
      At line 25 in file main.s
   Uses
      At line 140 in file main.s
Comment: UART2_CR3 used once
UART2_CR3_OFFSET 00000014

Symbol: UART2_CR3_OFFSET
   Definitions
      At line 24 in file main.s
   Uses
      At line 25 in file main.s
Comment: UART2_CR3_OFFSET used once
UART2_DR 40004404

Symbol: UART2_DR
   Definitions
      At line 30 in file main.s
   Uses
      At line 159 in file main.s
      At line 173 in file main.s

UART2_DR_OFFSET 00000004

Symbol: UART2_DR_OFFSET
   Definitions
      At line 29 in file main.s



ARM Macro Assembler    Page 7 Alphabetic symbol ordering
Absolute symbols

   Uses
      At line 30 in file main.s
Comment: UART2_DR_OFFSET used once
UART2_EN 00020000

Symbol: UART2_EN
   Definitions
      At line 36 in file main.s
   Uses
      At line 99 in file main.s
Comment: UART2_EN used once
UART2_SR 40004400

Symbol: UART2_SR
   Definitions
      At line 27 in file main.s
   Uses
      At line 152 in file main.s
      At line 166 in file main.s

UART2_SR_OFFSET 00000000

Symbol: UART2_SR_OFFSET
   Definitions
      At line 26 in file main.s
   Uses
      At line 27 in file main.s
Comment: UART2_SR_OFFSET used once
46 symbols
394 symbols in table
