


ARM Macro Assembler    Page 1 


    1 00000000         ;UART0_RX  : PA0
    2 00000000         ;UART0_TX  : PA1
    3 00000000         
    4 00000000         
    5 00000000 400FE000 
                       SYSCTL_BASE
                               EQU              0x400FE000
    6 00000000         
    7 00000000 00000608 
                       RGGCGPIO_OFFSET
                               EQU              0x608
    8 00000000 400FE608 
                       SYSCTL_RCGCGPIO_R
                               EQU              SYSCTL_BASE + RGGCGPIO_OFFSET
    9 00000000         
   10 00000000 00000618 
                       RCGCUART_OFFSET
                               EQU              0x618
   11 00000000 400FE618 
                       SYSCTL_RCGCUART_R
                               EQU              SYSCTL_BASE + RCGCUART_OFFSET
   12 00000000         
   13 00000000 40004000 
                       GPIOA_BASE
                               EQU              0x40004000
   14 00000000         
   15 00000000         
   16 00000000 0000051C 
                       GPIOA_DEN_OFFSET
                               EQU              0x51C
   17 00000000 4000451C 
                       GPIOA_DEN_R
                               EQU              GPIOA_BASE + GPIOA_DEN_OFFSET
   18 00000000         
   19 00000000 00000420 
                       GPIOA_AFSEL_OFFSET
                               EQU              0x420
   20 00000000 40004420 
                       GPIOA_AFSEL_R
                               EQU              GPIOA_BASE + GPIOA_AFSEL_OFFSET
   21 00000000         
   22 00000000 0000052C 
                       GPIOA_PCTL_OFFSET
                               EQU              0x52C
   23 00000000 4000452C 
                       GPIOA_PCTL_R
                               EQU              GPIOA_BASE + GPIOA_PCTL_OFFSET
   24 00000000         
   25 00000000         
   26 00000000 4000C000 
                       UART0_BASE
                               EQU              0x4000C000
   27 00000000         
   28 00000000 00000000 
                       UART0_DR_OFFSET
                               EQU              0x000
   29 00000000 4000C000 
                       UART0_DR_R
                               EQU              UART0_BASE + UART0_DR_OFFSET



ARM Macro Assembler    Page 2 


   30 00000000         
   31 00000000 00000018 
                       UART0_FR_OFFSET
                               EQU              0x018
   32 00000000 4000C018 
                       UART0_FR_R
                               EQU              UART0_BASE +  UART0_FR_OFFSET
   33 00000000         
   34 00000000 00000024 
                       UART0_IBRD_OFFSET
                               EQU              0x024
   35 00000000 4000C024 
                       UART0_IBRD_R
                               EQU              UART0_BASE + UART0_IBRD_OFFSET
   36 00000000         
   37 00000000         
   38 00000000 00000028 
                       UART0_FBRD_OFFSET
                               EQU              0x028
   39 00000000 4000C028 
                       UART0_FBRD_R
                               EQU              UART0_BASE + UART0_FBRD_OFFSET
   40 00000000         
   41 00000000 0000002C 
                       UART0_LCRH_OFFSET
                               EQU              0x02C
   42 00000000 4000C02C 
                       UART0_LCRH_R
                               EQU              UART0_BASE + UART0_LCRH_OFFSET
   43 00000000         
   44 00000000 00000030 
                       UART0_CTL_OFFSET
                               EQU              0x030
   45 00000000 4000C030 
                       UART0_CTL_R
                               EQU              UART0_BASE + UART0_CTL_OFFSET
   46 00000000         
   47 00000000 00000038 
                       UART0_IM_OFFSET
                               EQU              0x038
   48 00000000 4000C038 
                       UART0_IM_R
                               EQU              UART0_BASE + UART0_IM_OFFSET
   49 00000000         
   50 00000000 00000034 
                       UART0_IFLS_OFFSET
                               EQU              0x034
   51 00000000 4000C034 
                       UART0_IFLS_R
                               EQU              UART0_BASE + UART0_IFLS_OFFSET
   52 00000000         
   53 00000000 0000003C 
                       UART0_RIS_OFFSET
                               EQU              0x03C
   54 00000000 4000C03C 
                       UART0_RIS_R
                               EQU              UART0_BASE  + UART0_RIS_OFFSET
   55 00000000         
   56 00000000 00000044 



ARM Macro Assembler    Page 3 


                       UART0_ICR_OFFSET
                               EQU              0x044
   57 00000000 4000C044 
                       UART0_ICR_R
                               EQU              UART0_BASE  +  UART0_ICR_OFFSET
   58 00000000         
   59 00000000 00000001 
                       GPIOA_EN
                               EQU              1<<0
   60 00000000 00000001 
                       UART0_EN
                               EQU              1<<0
   61 00000000         
   62 00000000 00000010 
                       UART_FR_RXFE
                               EQU              0x00000010  ; receive fifo empt
                                                            y ?
   63 00000000 00000060 
                       UART_LCRH_WLEN_8
                               EQU              0x00000060  ;  8-bit word lengt
                                                            h
   64 00000000 00000010 
                       UART_LCRH_FEN
                               EQU              0x00000010  ; enable fifo
   65 00000000 00000001 
                       UART_CTL_UARTEN
                               EQU              0x00000001  ;  enable uart
   66 00000000         
   67 00000000 00000040 
                       UART_IM_RTIM
                               EQU              0x00000040
   68 00000000         
   69 00000000 0000000D 
                       CR      EQU              0x0D
   70 00000000 00000008 
                       BS      EQU              0x08
   71 00000000 0000000A 
                       LF      EQU              0x0A
   72 00000000 0000001B 
                       ESC     EQU              0x1B
   73 00000000 00000020 
                       SPA     EQU              0x20
   74 00000000 0000007F 
                       DEL     EQU              0x7F
   75 00000000         
   76 00000000         
   77 00000000                 AREA             |.text|,CODE,READONLY,ALIGN=2
   78 00000000                 THUMB
   79 00000000                 ENTRY
   80 00000000                 EXPORT           __main
   81 00000000         
   82 00000000         
   83 00000000         __main
   84 00000000 F000 F819       BL               UART_Init
   85 00000004 F04F 0441       MOV              R4,#'A'
   86 00000008         lp0
   87 00000008 4620            MOV              R0,R4
   88 0000000A F000 F852       BL               UART_WriteChar
   89 0000000E F104 0401       ADD              R4,R4,#1



ARM Macro Assembler    Page 4 


   90 00000012 2C5A            CMP              R4,#'Z'
   91 00000014 D9F8            BLS              lp0
   92 00000016         
   93 00000016 F000 F804       BL               newline
   94 0000001A F04F 0021       MOV              R0,#'!'
   95 0000001E F000 F848       BL               UART_WriteChar
   96 00000022         
   97 00000022         
   98 00000022         
   99 00000022         
  100 00000022         
  101 00000022         newline
  102 00000022 B500            PUSH             {LR}
  103 00000024 F04F 000D       MOV              R0,#CR
  104 00000028 F000 F843       BL               UART_WriteChar
  105 0000002C F04F 000A       MOV              R0,#LF
  106 00000030 F000 F83F       BL               UART_WriteChar
  107 00000034 BD00            POP              {PC}
  108 00000036         
  109 00000036         UART_Init
  110 00000036         
  111 00000036 B500            PUSH             {LR}
  112 00000038         
  113 00000038         ;SYSCTL->RCGCUART |=UART0_EN
  114 00000038         
  115 00000038 4922            LDR              R1,=SYSCTL_RCGCUART_R
  116 0000003A 6808            LDR              R0,[R1]
  117 0000003C F040 0001       ORR              R0,#UART0_EN
  118 00000040 6008            STR              R0,[R1]
  119 00000042         
  120 00000042         ;SYSCTL->RCGCGPIO |=GPIOA_EN
  121 00000042         
  122 00000042 4921            LDR              R1,=SYSCTL_RCGCGPIO_R
  123 00000044 6808            LDR              R0,[R1]
  124 00000046 F040 0001       ORR              R0,#GPIOA_EN
  125 0000004A 6008            STR              R0,[R1]
  126 0000004C         
  127 0000004C         
  128 0000004C         ;GPIOA->AFSEL  |=0x03
  129 0000004C         
  130 0000004C 491F            LDR              R1,=GPIOA_AFSEL_R
  131 0000004E 6808            LDR              R0,[R1]
  132 00000050 F040 0003       ORR              R0,#0x03
  133 00000054 6008            STR              R0,[R1]
  134 00000056         
  135 00000056         
  136 00000056         ;GPIOA->DEN |=0x3
  137 00000056         
  138 00000056 491E            LDR              R1,=GPIOA_DEN_R
  139 00000058 6808            LDR              R0,[R1]
  140 0000005A F040 0003       ORR              R0,#0x03
  141 0000005E 6008            STR              R0,[R1]
  142 00000060         ;GPIOA->PCTL &=~0x000000FF
  143 00000060         
  144 00000060 491C            LDR              R1,=GPIOA_PCTL_R
  145 00000062 6808            LDR              R0,[R1]
  146 00000064 F020 00FF       BIC              R0,R0,#0x000000FF
  147 00000068 F100 0011       ADD              R0,R0,#0x00000011
  148 0000006C 6008            STR              R0,[R1]



ARM Macro Assembler    Page 5 


  149 0000006E         
  150 0000006E         
  151 0000006E 491A            LDR              R1,=UART0_CTL_R
  152 00000070 6808            LDR              R0,[R1]
  153 00000072 F020 0001       BIC              R0,R0,#UART_CTL_UARTEN
  154 00000076 6008            STR              R0,[R1]
  155 00000078         
  156 00000078         
  157 00000078 4918            LDR              R1,=UART0_IBRD_R
  158 0000007A         ;baudrates :  9600,115200 etc
  159 0000007A         ; 16 000 000/ (16 * 115200) =  8.6805
  160 0000007A F04F 001B       MOV              R0,#27
  161 0000007E 6008            STR              R0,[R1]
  162 00000080         
  163 00000080 4917            LDR              R1,=UART0_FBRD_R
  164 00000082         ; (0.6805 *64 *0.5) = 44.052
  165 00000082 F04F 0008       MOV              R0,#8
  166 00000086 6008            STR              R0,[R1]
  167 00000088         
  168 00000088         
  169 00000088 4916            LDR              R1,=UART0_LCRH_R
  170 0000008A 6808            LDR              R0,[R1]
  171 0000008C F020 00FF       BIC              R0,R0,#0xFF
  172 00000090         
  173 00000090 F100 0070       ADD              R0,R0,#(UART_LCRH_WLEN_8 + UART
_LCRH_FEN)
  174 00000094 6008            STR              R0,[R1]
  175 00000096         
  176 00000096 4910            LDR              R1,=UART0_CTL_R
  177 00000098 6808            LDR              R0,[R1]
  178 0000009A F040 0001       ORR              R0,#UART_CTL_UARTEN
  179 0000009E 6008            STR              R0,[R1]
  180 000000A0         
  181 000000A0         
  182 000000A0         
  183 000000A0 BD00            POP              {PC}
  184 000000A2         
  185 000000A2         
  186 000000A2         UART_ReadChar
  187 000000A2         
  188 000000A2 4911            LDR              R1,=UART0_FR_R
  189 000000A4         
  190 000000A4 680A    lp1     LDR              R2,[R1]
  191 000000A6 F012 0210       ANDS             R2,#0x0010
  192 000000AA D1FB            BNE              lp1
  193 000000AC         
  194 000000AC 490F            LDR              R1,=UART0_DR_R
  195 000000AE 6808            LDR              R0,[R1]
  196 000000B0 4770            BX               LR
  197 000000B2         
  198 000000B2         UART_WriteChar
  199 000000B2 490D            LDR              R1,=UART0_FR_R
  200 000000B4         
  201 000000B4 680A    lp2     LDR              R2,[R1]
  202 000000B6 F012 0220       ANDS             R2,#0x0020
  203 000000BA D1FB            BNE              lp2
  204 000000BC         
  205 000000BC 490B            LDR              R1,=UART0_DR_R
  206 000000BE 6008            STR              R0,[R1]



ARM Macro Assembler    Page 6 


  207 000000C0 4770            BX               LR
  208 000000C2         
  209 000000C2 00 00           ALIGN
  210 000000C4                 END
              400FE618 
              400FE608 
              40004420 
              4000451C 
              4000452C 
              4000C030 
              4000C024 
              4000C028 
              4000C02C 
              4000C018 
              4000C000 
Command Line: --debug --xref --diag_suppress=9931 --cpu=Cortex-M4.fp --apcs=int
erwork --depend=.\objects\main.d -o.\objects\main.o -I.\RTE\_tm4c123 -IC:\Users
\Israel\AppData\Local\Arm\Packs\ARM\CMSIS\5.5.1\CMSIS\Core\Include -IC:\Users\I
srael\AppData\Local\Arm\Packs\Keil\TM4C_DFP\1.1.0\Device\Include\TM4C123 --pred
efine="__EVAL SETA 1" --predefine="__UVISION_VERSION SETA 528" --predefine="_RT
E_ SETA 1" --predefine="TM4C1230H6PM SETA 1" --list=.\listings\main.lst main.s



ARM Macro Assembler    Page 1 Alphabetic symbol ordering
Relocatable symbols

.text 00000000

Symbol: .text
   Definitions
      At line 77 in file main.s
   Uses
      None
Comment: .text unused
UART_Init 00000036

Symbol: UART_Init
   Definitions
      At line 109 in file main.s
   Uses
      At line 84 in file main.s
Comment: UART_Init used once
UART_ReadChar 000000A2

Symbol: UART_ReadChar
   Definitions
      At line 186 in file main.s
   Uses
      None
Comment: UART_ReadChar unused
UART_WriteChar 000000B2

Symbol: UART_WriteChar
   Definitions
      At line 198 in file main.s
   Uses
      At line 88 in file main.s
      At line 95 in file main.s
      At line 104 in file main.s
      At line 106 in file main.s

__main 00000000

Symbol: __main
   Definitions
      At line 83 in file main.s
   Uses
      At line 80 in file main.s
Comment: __main used once
lp0 00000008

Symbol: lp0
   Definitions
      At line 86 in file main.s
   Uses
      At line 91 in file main.s
Comment: lp0 used once
lp1 000000A4

Symbol: lp1
   Definitions
      At line 190 in file main.s
   Uses
      At line 192 in file main.s
Comment: lp1 used once



ARM Macro Assembler    Page 2 Alphabetic symbol ordering
Relocatable symbols

lp2 000000B4

Symbol: lp2
   Definitions
      At line 201 in file main.s
   Uses
      At line 203 in file main.s
Comment: lp2 used once
newline 00000022

Symbol: newline
   Definitions
      At line 101 in file main.s
   Uses
      At line 93 in file main.s
Comment: newline used once
9 symbols



ARM Macro Assembler    Page 1 Alphabetic symbol ordering
Absolute symbols

BS 00000008

Symbol: BS
   Definitions
      At line 70 in file main.s
   Uses
      None
Comment: BS unused
CR 0000000D

Symbol: CR
   Definitions
      At line 69 in file main.s
   Uses
      At line 103 in file main.s
Comment: CR used once
DEL 0000007F

Symbol: DEL
   Definitions
      At line 74 in file main.s
   Uses
      None
Comment: DEL unused
ESC 0000001B

Symbol: ESC
   Definitions
      At line 72 in file main.s
   Uses
      None
Comment: ESC unused
GPIOA_AFSEL_OFFSET 00000420

Symbol: GPIOA_AFSEL_OFFSET
   Definitions
      At line 19 in file main.s
   Uses
      At line 20 in file main.s
Comment: GPIOA_AFSEL_OFFSET used once
GPIOA_AFSEL_R 40004420

Symbol: GPIOA_AFSEL_R
   Definitions
      At line 20 in file main.s
   Uses
      At line 130 in file main.s
Comment: GPIOA_AFSEL_R used once
GPIOA_BASE 40004000

Symbol: GPIOA_BASE
   Definitions
      At line 13 in file main.s
   Uses
      At line 17 in file main.s
      At line 20 in file main.s
      At line 23 in file main.s

GPIOA_DEN_OFFSET 0000051C



ARM Macro Assembler    Page 2 Alphabetic symbol ordering
Absolute symbols


Symbol: GPIOA_DEN_OFFSET
   Definitions
      At line 16 in file main.s
   Uses
      At line 17 in file main.s
Comment: GPIOA_DEN_OFFSET used once
GPIOA_DEN_R 4000451C

Symbol: GPIOA_DEN_R
   Definitions
      At line 17 in file main.s
   Uses
      At line 138 in file main.s
Comment: GPIOA_DEN_R used once
GPIOA_EN 00000001

Symbol: GPIOA_EN
   Definitions
      At line 59 in file main.s
   Uses
      At line 124 in file main.s
Comment: GPIOA_EN used once
GPIOA_PCTL_OFFSET 0000052C

Symbol: GPIOA_PCTL_OFFSET
   Definitions
      At line 22 in file main.s
   Uses
      At line 23 in file main.s
Comment: GPIOA_PCTL_OFFSET used once
GPIOA_PCTL_R 4000452C

Symbol: GPIOA_PCTL_R
   Definitions
      At line 23 in file main.s
   Uses
      At line 144 in file main.s
Comment: GPIOA_PCTL_R used once
LF 0000000A

Symbol: LF
   Definitions
      At line 71 in file main.s
   Uses
      At line 105 in file main.s
Comment: LF used once
RCGCUART_OFFSET 00000618

Symbol: RCGCUART_OFFSET
   Definitions
      At line 10 in file main.s
   Uses
      At line 11 in file main.s
Comment: RCGCUART_OFFSET used once
RGGCGPIO_OFFSET 00000608

Symbol: RGGCGPIO_OFFSET
   Definitions



ARM Macro Assembler    Page 3 Alphabetic symbol ordering
Absolute symbols

      At line 7 in file main.s
   Uses
      At line 8 in file main.s
Comment: RGGCGPIO_OFFSET used once
SPA 00000020

Symbol: SPA
   Definitions
      At line 73 in file main.s
   Uses
      None
Comment: SPA unused
SYSCTL_BASE 400FE000

Symbol: SYSCTL_BASE
   Definitions
      At line 5 in file main.s
   Uses
      At line 8 in file main.s
      At line 11 in file main.s

SYSCTL_RCGCGPIO_R 400FE608

Symbol: SYSCTL_RCGCGPIO_R
   Definitions
      At line 8 in file main.s
   Uses
      At line 122 in file main.s
Comment: SYSCTL_RCGCGPIO_R used once
SYSCTL_RCGCUART_R 400FE618

Symbol: SYSCTL_RCGCUART_R
   Definitions
      At line 11 in file main.s
   Uses
      At line 115 in file main.s
Comment: SYSCTL_RCGCUART_R used once
UART0_BASE 4000C000

Symbol: UART0_BASE
   Definitions
      At line 26 in file main.s
   Uses
      At line 29 in file main.s
      At line 32 in file main.s
      At line 35 in file main.s
      At line 39 in file main.s
      At line 42 in file main.s
      At line 45 in file main.s
      At line 48 in file main.s
      At line 51 in file main.s
      At line 54 in file main.s
      At line 57 in file main.s

UART0_CTL_OFFSET 00000030

Symbol: UART0_CTL_OFFSET
   Definitions
      At line 44 in file main.s



ARM Macro Assembler    Page 4 Alphabetic symbol ordering
Absolute symbols

   Uses
      At line 45 in file main.s
Comment: UART0_CTL_OFFSET used once
UART0_CTL_R 4000C030

Symbol: UART0_CTL_R
   Definitions
      At line 45 in file main.s
   Uses
      At line 151 in file main.s
      At line 176 in file main.s

UART0_DR_OFFSET 00000000

Symbol: UART0_DR_OFFSET
   Definitions
      At line 28 in file main.s
   Uses
      At line 29 in file main.s
Comment: UART0_DR_OFFSET used once
UART0_DR_R 4000C000

Symbol: UART0_DR_R
   Definitions
      At line 29 in file main.s
   Uses
      At line 194 in file main.s
      At line 205 in file main.s

UART0_EN 00000001

Symbol: UART0_EN
   Definitions
      At line 60 in file main.s
   Uses
      At line 117 in file main.s
Comment: UART0_EN used once
UART0_FBRD_OFFSET 00000028

Symbol: UART0_FBRD_OFFSET
   Definitions
      At line 38 in file main.s
   Uses
      At line 39 in file main.s
Comment: UART0_FBRD_OFFSET used once
UART0_FBRD_R 4000C028

Symbol: UART0_FBRD_R
   Definitions
      At line 39 in file main.s
   Uses
      At line 163 in file main.s
Comment: UART0_FBRD_R used once
UART0_FR_OFFSET 00000018

Symbol: UART0_FR_OFFSET
   Definitions
      At line 31 in file main.s
   Uses



ARM Macro Assembler    Page 5 Alphabetic symbol ordering
Absolute symbols

      At line 32 in file main.s
Comment: UART0_FR_OFFSET used once
UART0_FR_R 4000C018

Symbol: UART0_FR_R
   Definitions
      At line 32 in file main.s
   Uses
      At line 188 in file main.s
      At line 199 in file main.s

UART0_IBRD_OFFSET 00000024

Symbol: UART0_IBRD_OFFSET
   Definitions
      At line 34 in file main.s
   Uses
      At line 35 in file main.s
Comment: UART0_IBRD_OFFSET used once
UART0_IBRD_R 4000C024

Symbol: UART0_IBRD_R
   Definitions
      At line 35 in file main.s
   Uses
      At line 157 in file main.s
Comment: UART0_IBRD_R used once
UART0_ICR_OFFSET 00000044

Symbol: UART0_ICR_OFFSET
   Definitions
      At line 56 in file main.s
   Uses
      At line 57 in file main.s
Comment: UART0_ICR_OFFSET used once
UART0_ICR_R 4000C044

Symbol: UART0_ICR_R
   Definitions
      At line 57 in file main.s
   Uses
      None
Comment: UART0_ICR_R unused
UART0_IFLS_OFFSET 00000034

Symbol: UART0_IFLS_OFFSET
   Definitions
      At line 50 in file main.s
   Uses
      At line 51 in file main.s
Comment: UART0_IFLS_OFFSET used once
UART0_IFLS_R 4000C034

Symbol: UART0_IFLS_R
   Definitions
      At line 51 in file main.s
   Uses
      None
Comment: UART0_IFLS_R unused



ARM Macro Assembler    Page 6 Alphabetic symbol ordering
Absolute symbols

UART0_IM_OFFSET 00000038

Symbol: UART0_IM_OFFSET
   Definitions
      At line 47 in file main.s
   Uses
      At line 48 in file main.s
Comment: UART0_IM_OFFSET used once
UART0_IM_R 4000C038

Symbol: UART0_IM_R
   Definitions
      At line 48 in file main.s
   Uses
      None
Comment: UART0_IM_R unused
UART0_LCRH_OFFSET 0000002C

Symbol: UART0_LCRH_OFFSET
   Definitions
      At line 41 in file main.s
   Uses
      At line 42 in file main.s
Comment: UART0_LCRH_OFFSET used once
UART0_LCRH_R 4000C02C

Symbol: UART0_LCRH_R
   Definitions
      At line 42 in file main.s
   Uses
      At line 169 in file main.s
Comment: UART0_LCRH_R used once
UART0_RIS_OFFSET 0000003C

Symbol: UART0_RIS_OFFSET
   Definitions
      At line 53 in file main.s
   Uses
      At line 54 in file main.s
Comment: UART0_RIS_OFFSET used once
UART0_RIS_R 4000C03C

Symbol: UART0_RIS_R
   Definitions
      At line 54 in file main.s
   Uses
      None
Comment: UART0_RIS_R unused
UART_CTL_UARTEN 00000001

Symbol: UART_CTL_UARTEN
   Definitions
      At line 65 in file main.s
   Uses
      At line 153 in file main.s
      At line 178 in file main.s

UART_FR_RXFE 00000010




ARM Macro Assembler    Page 7 Alphabetic symbol ordering
Absolute symbols

Symbol: UART_FR_RXFE
   Definitions
      At line 62 in file main.s
   Uses
      None
Comment: UART_FR_RXFE unused
UART_IM_RTIM 00000040

Symbol: UART_IM_RTIM
   Definitions
      At line 67 in file main.s
   Uses
      None
Comment: UART_IM_RTIM unused
UART_LCRH_FEN 00000010

Symbol: UART_LCRH_FEN
   Definitions
      At line 64 in file main.s
   Uses
      At line 173 in file main.s
Comment: UART_LCRH_FEN used once
UART_LCRH_WLEN_8 00000060

Symbol: UART_LCRH_WLEN_8
   Definitions
      At line 63 in file main.s
   Uses
      At line 173 in file main.s
Comment: UART_LCRH_WLEN_8 used once
46 symbols
392 symbols in table
