


ARM Macro Assembler    Page 1 


    1 00000000         
    2 00000000         
    3 00000000 40023800 
                       RCC_BASE
                               EQU              0x40023800
    4 00000000         
    5 00000000 00000030 
                       AHB1ENR_OFFSET
                               EQU              0x30
    6 00000000 40023830 
                       RCC_AHB1ENR
                               EQU              RCC_BASE + AHB1ENR_OFFSET
    7 00000000 40020000 
                       GPIOA_BASE
                               EQU              0x40020000
    8 00000000 00000000 
                       GPIOA_MODER_OFFSET
                               EQU              0x00
    9 00000000 40020000 
                       GPIOA_MODER
                               EQU              GPIOA_BASE + GPIOA_MODER_OFFSET
   10 00000000 00000020 
                       GPIOA_AFRL_OFFSET
                               EQU              0x20
   11 00000000 40020020 
                       GPIOA_AFRL
                               EQU              GPIOA_BASE + GPIOA_AFRL_OFFSET
   12 00000000 00000040 
                       APB1ENR_OFFSET
                               EQU              0x40
   13 00000000 40023840 
                       RCC_APB1ENR
                               EQU              RCC_BASE +  APB1ENR_OFFSET
   14 00000000         
   15 00000000         
   16 00000000 40004400 
                       UART2_BASE
                               EQU              0x40004400
   17 00000000         
   18 00000000 00000008 
                       UART2_BRR_OFFSET
                               EQU              0x08
   19 00000000 40004408 
                       UART2_BRR
                               EQU              UART2_BASE + UART2_BRR_OFFSET
   20 00000000 0000000C 
                       UART2_CR1_OFFSET
                               EQU              0x0C
   21 00000000 4000440C 
                       UART2_CR1
                               EQU              UART2_BASE +  UART2_CR1_OFFSET
   22 00000000 00000010 
                       UART2_CR2_OFFSET
                               EQU              0x10
   23 00000000 40004410 
                       UART2_CR2
                               EQU              UART2_BASE +  UART2_CR2_OFFSET
   24 00000000 00000014 
                       UART2_CR3_OFFSET



ARM Macro Assembler    Page 2 


                               EQU              0x14
   25 00000000 40004414 
                       UART2_CR3
                               EQU              UART2_BASE +  UART2_CR3_OFFSET
   26 00000000 00000000 
                       UART2_SR_OFFSET
                               EQU              0x00
   27 00000000 40004400 
                       UART2_SR
                               EQU              UART2_BASE + UART2_SR_OFFSET
   28 00000000         
   29 00000000 00000004 
                       UART2_DR_OFFSET
                               EQU              0x04
   30 00000000 40004404 
                       UART2_DR
                               EQU              UART2_BASE + UART2_DR_OFFSET
   31 00000000         
   32 00000000         
   33 00000000 00000018 
                       GPIOA_BSRR_OFFSET
                               EQU              0x18
   34 00000000 40020018 
                       GPIOA_BSRR
                               EQU              GPIOA_BASE + GPIOA_BSRR_OFFSET
   35 00000000         
   36 00000000 00020000 
                       UART2_EN
                               EQU              1<<17
   37 00000000 00000001 
                       GPIOA_EN
                               EQU              1<<0
   38 00000000         
   39 00000000 000000A0 
                       GPIOA_ALT_SLT
                               EQU              0xA0
   40 00000000 00007700 
                       AF7_SLT EQU              0x7700      ; =  0B    0111 011
                                                            1 0000 0000
   41 00000000         
   42 00000000 00000400 
                       MODER5_OUT
                               EQU              1<<10
   43 00000000         
   44 00000000 00000683 
                       BRR_CNF EQU              0x683       ;115200 baudrate @ 
                                                            16MHz
   45 00000000 0000000C 
                       CR1_CNF EQU              0xC         ;enable Tx,Rx, 8-bi
                                                            t data
   46 00000000 00000000 
                       CR2_CNF EQU              0x0000      ;1 stop bit
   47 00000000 00000000 
                       CR3_CNF EQU              0x0000      ;no flow control
   48 00000000 00002000 
                       UART2_CR1_EN
                               EQU              0x2000
   49 00000000         
   50 00000000 00000020 



ARM Macro Assembler    Page 3 


                       BSRR_5_SET
                               EQU              1<<5
   51 00000000 00200000 
                       BSRR_5_RESET
                               EQU              1<<21
   52 00000000         
   53 00000000         
   54 00000000         ;PA  : TX
   55 00000000         ;PA3 :RX
   56 00000000         
   57 00000000 00000080 
                       TX_BF_FLG
                               EQU              0x80
   58 00000000 00000020 
                       RX_BF_FLG
                               EQU              0x20
   59 00000000         
   60 00000000 0000000D 
                       CR      EQU              0x0D
   61 00000000 0000000A 
                       LF      EQU              0x0A
   62 00000000 00000008 
                       BS      EQU              0x08
   63 00000000 0000001B 
                       ESC     EQU              0x1B
   64 00000000 00000020 
                       SPA     EQU              0x20
   65 00000000 0000007F 
                       DEL     EQU              0x7F
   66 00000000         
   67 00000000         
   68 00000000 00516155 
                       ONESEC  EQU              5333333
   69 00000000         
   70 00000000                 AREA             |.text|,CODE,READONLY,ALIGN=2
   71 00000000                 THUMB
   72 00000000                 EXPORT           UART_Init
   73 00000000                 EXPORT           UART_ReadChar
   74 00000000                 EXPORT           UART_WriteChar
   75 00000000         
   76 00000000         
   77 00000000         
   78 00000000         UART_Init
   79 00000000         ;RCC->AHB1ENR |=GPIOA_EN
   80 00000000 4829            LDR              R0,=RCC_AHB1ENR
   81 00000002 6801            LDR              R1,[R0]
   82 00000004 F041 0101       ORR              R1,#GPIOA_EN
   83 00000008 6001            STR              R1,[R0]
   84 0000000A         
   85 0000000A         ;RCC->APB1ENR |=UART2_EN
   86 0000000A 4828            LDR              R0,=RCC_APB1ENR
   87 0000000C 6801            LDR              R1,[R0]
   88 0000000E F441 3100       ORR              R1,#UART2_EN
   89 00000012 6001            STR              R1,[R0]
   90 00000014         
   91 00000014         
   92 00000014         
   93 00000014         ;GPIOA->AFR[0] |=  AF7_SLT
   94 00000014 4826            LDR              R0,=GPIOA_AFRL



ARM Macro Assembler    Page 4 


   95 00000016 6801            LDR              R1,[R0]
   96 00000018 F441 41EE       ORR              R1,#AF7_SLT
   97 0000001C 6001            STR              R1,[R0]
   98 0000001E         
   99 0000001E         ;GPIOA->MODER |=GPIOA_ALT_SLT
  100 0000001E 4825            LDR              R0,=GPIOA_MODER
  101 00000020 6801            LDR              R1,[R0]
  102 00000022 F041 01A0       ORR              R1,#GPIOA_ALT_SLT
  103 00000026 6001            STR              R1,[R0]
  104 00000028         
  105 00000028         
  106 00000028         ;     ;GPIOA->MODER |= MODER5_OUT
  107 00000028         ;     LDR  R0,=GPIOA_MODER
  108 00000028         ;     LDR  R1,[R0]
  109 00000028         ;     ORR  R1,#MODER5_OUT
  110 00000028         ;     STR  R1,[R0]
  111 00000028         ;     
  112 00000028         
  113 00000028         ;UART2->BRR = BRR_CNF
  114 00000028 4823            LDR              R0,=UART2_BRR
  115 0000002A F240 6183       MOVW             R1,#BRR_CNF
  116 0000002E 6001            STR              R1,[R0]
  117 00000030         
  118 00000030         ;UART2->CR1 = CR1_CNF
  119 00000030 4822            LDR              R0,=UART2_CR1
  120 00000032 F04F 010C       MOV              R1,#CR1_CNF
  121 00000036 6001            STR              R1,[R0]
  122 00000038         
  123 00000038         ;UART2->CR2 =CR2_CNF
  124 00000038 4821            LDR              R0,=UART2_CR2
  125 0000003A F04F 0100       MOV              R1,#CR2_CNF
  126 0000003E 6001            STR              R1,[R0]
  127 00000040         
  128 00000040         ;UART2->CR3 = CR3_CNF
  129 00000040 4820            LDR              R0,=UART2_CR3
  130 00000042 F04F 0100       MOV              R1,#CR3_CNF
  131 00000046 6001            STR              R1,[R0]
  132 00000048         
  133 00000048         ;UART2->CR1 |= UART2_CR1_EN
  134 00000048 481C            LDR              R0,=UART2_CR1
  135 0000004A 6801            LDR              R1,[R0]
  136 0000004C F441 5100       ORR              R1,#UART2_CR1_EN
  137 00000050 6001            STR              R1,[R0]
  138 00000052 4770            BX               LR
  139 00000054         
  140 00000054         UART_ReadChar
  141 00000054 491C            LDR              R1,=UART2_SR
  142 00000056         
  143 00000056 680A    iloop   LDR              R2,[R1]     ;read SR
  144 00000058 F002 0220       AND              R2,#RX_BF_FLG
  145 0000005C 2A00            CMP              R2,#0x00
  146 0000005E D0FA            BEQ              iloop
  147 00000060         
  148 00000060 4B1A            LDR              R3,=UART2_DR
  149 00000062 6818            LDR              R0,[R3]
  150 00000064 4770            BX               LR
  151 00000066         
  152 00000066         
  153 00000066         UART_WriteChar



ARM Macro Assembler    Page 5 


  154 00000066         
  155 00000066 4918            LDR              R1,=UART2_SR
  156 00000068         
  157 00000068 680A    oloop   LDR              R2,[R1]
  158 0000006A F002 0280       AND              R2,#TX_BF_FLG
  159 0000006E 2A00            CMP              R2,#0x00
  160 00000070 D0FA            BEQ              oloop
  161 00000072 B2C1            UXTB             R1,R0
  162 00000074 4A15            LDR              R2,=UART2_DR
  163 00000076 6011            STR              R1,[R2]
  164 00000078 4770            BX               LR
  165 0000007A         
  166 0000007A         
  167 0000007A         Delay
  168 0000007A 1E5B            SUBS             R3,R3,#1
  169 0000007C D1FD            BNE              Delay
  170 0000007E 4770            BX               LR
  171 00000080         
  172 00000080         LED_Blink
  173 00000080 4603            MOV              R3,R0
  174 00000082 2B31            CMP              R3,#0x0031  ; KEY1
  175 00000084 D000            BEQ              pt0
  176 00000086 4770            BX               LR
  177 00000088         
  178 00000088         
  179 00000088         pt0
  180 00000088         
  181 00000088 2020            MOVS             R0,#BSRR_5_SET
  182 0000008A 4911            LDR              R1,=GPIOA_BSRR
  183 0000008C 6008            STR              R0,[R1]
  184 0000008E         
  185 0000008E 4B11            LDR              R3,=ONESEC
  186 00000090 F7FF FFF3       BL               Delay
  187 00000094         
  188 00000094 F45F 1000       MOVS             R0,#BSRR_5_RESET
  189 00000098 490D            LDR              R1,=GPIOA_BSRR
  190 0000009A 6008            STR              R0,[R1]
  191 0000009C         
  192 0000009C 4B0D            LDR              R3,=ONESEC
  193 0000009E F7FF FFEC       BL               Delay
  194 000000A2         
  195 000000A2 F7FF FFFE       BL               UART_ReadChar
  196 000000A6         
  197 000000A6         
  198 000000A6 00 00           ALIGN
  199 000000A8                 END
              40023830 
              40023840 
              40020020 
              40020000 
              40004408 
              4000440C 
              40004410 
              40004414 
              40004400 
              40004404 
              40020018 
              00516155 
Command Line: --debug --xref --diag_suppress=9931 --cpu=Cortex-M4.fp --apcs=int



ARM Macro Assembler    Page 6 


erwork --depend=.\objects\uart.d -o.\objects\uart.o -I.\RTE\_STM32F4 -IC:\Users
\Israel\AppData\Local\Arm\Packs\ARM\CMSIS\5.5.1\CMSIS\Core\Include -IC:\Users\I
srael\AppData\Local\Arm\Packs\Keil\STM32F4xx_DFP\2.14.0\Drivers\CMSIS\Device\ST
\STM32F4xx\Include --predefine="__EVAL SETA 1" --predefine="__UVISION_VERSION S
ETA 528" --predefine="_RTE_ SETA 1" --predefine="STM32F411xE SETA 1" --list=.\l
istings\uart.lst uart.s



ARM Macro Assembler    Page 1 Alphabetic symbol ordering
Relocatable symbols

.text 00000000

Symbol: .text
   Definitions
      At line 70 in file uart.s
   Uses
      None
Comment: .text unused
Delay 0000007A

Symbol: Delay
   Definitions
      At line 167 in file uart.s
   Uses
      At line 169 in file uart.s
      At line 186 in file uart.s
      At line 193 in file uart.s

LED_Blink 00000080

Symbol: LED_Blink
   Definitions
      At line 172 in file uart.s
   Uses
      None
Comment: LED_Blink unused
UART_Init 00000000

Symbol: UART_Init
   Definitions
      At line 78 in file uart.s
   Uses
      At line 72 in file uart.s
Comment: UART_Init used once
UART_ReadChar 00000054

Symbol: UART_ReadChar
   Definitions
      At line 140 in file uart.s
   Uses
      At line 73 in file uart.s
      At line 195 in file uart.s

UART_WriteChar 00000066

Symbol: UART_WriteChar
   Definitions
      At line 153 in file uart.s
   Uses
      At line 74 in file uart.s
Comment: UART_WriteChar used once
iloop 00000056

Symbol: iloop
   Definitions
      At line 143 in file uart.s
   Uses
      At line 146 in file uart.s
Comment: iloop used once



ARM Macro Assembler    Page 2 Alphabetic symbol ordering
Relocatable symbols

oloop 00000068

Symbol: oloop
   Definitions
      At line 157 in file uart.s
   Uses
      At line 160 in file uart.s
Comment: oloop used once
pt0 00000088

Symbol: pt0
   Definitions
      At line 179 in file uart.s
   Uses
      At line 175 in file uart.s
Comment: pt0 used once
9 symbols



ARM Macro Assembler    Page 1 Alphabetic symbol ordering
Absolute symbols

AF7_SLT 00007700

Symbol: AF7_SLT
   Definitions
      At line 40 in file uart.s
   Uses
      At line 96 in file uart.s
Comment: AF7_SLT used once
AHB1ENR_OFFSET 00000030

Symbol: AHB1ENR_OFFSET
   Definitions
      At line 5 in file uart.s
   Uses
      At line 6 in file uart.s
Comment: AHB1ENR_OFFSET used once
APB1ENR_OFFSET 00000040

Symbol: APB1ENR_OFFSET
   Definitions
      At line 12 in file uart.s
   Uses
      At line 13 in file uart.s
Comment: APB1ENR_OFFSET used once
BRR_CNF 00000683

Symbol: BRR_CNF
   Definitions
      At line 44 in file uart.s
   Uses
      At line 115 in file uart.s
Comment: BRR_CNF used once
BS 00000008

Symbol: BS
   Definitions
      At line 62 in file uart.s
   Uses
      None
Comment: BS unused
BSRR_5_RESET 00200000

Symbol: BSRR_5_RESET
   Definitions
      At line 51 in file uart.s
   Uses
      At line 188 in file uart.s
Comment: BSRR_5_RESET used once
BSRR_5_SET 00000020

Symbol: BSRR_5_SET
   Definitions
      At line 50 in file uart.s
   Uses
      At line 181 in file uart.s
Comment: BSRR_5_SET used once
CR 0000000D

Symbol: CR



ARM Macro Assembler    Page 2 Alphabetic symbol ordering
Absolute symbols

   Definitions
      At line 60 in file uart.s
   Uses
      None
Comment: CR unused
CR1_CNF 0000000C

Symbol: CR1_CNF
   Definitions
      At line 45 in file uart.s
   Uses
      At line 120 in file uart.s
Comment: CR1_CNF used once
CR2_CNF 00000000

Symbol: CR2_CNF
   Definitions
      At line 46 in file uart.s
   Uses
      At line 125 in file uart.s
Comment: CR2_CNF used once
CR3_CNF 00000000

Symbol: CR3_CNF
   Definitions
      At line 47 in file uart.s
   Uses
      At line 130 in file uart.s
Comment: CR3_CNF used once
DEL 0000007F

Symbol: DEL
   Definitions
      At line 65 in file uart.s
   Uses
      None
Comment: DEL unused
ESC 0000001B

Symbol: ESC
   Definitions
      At line 63 in file uart.s
   Uses
      None
Comment: ESC unused
GPIOA_AFRL 40020020

Symbol: GPIOA_AFRL
   Definitions
      At line 11 in file uart.s
   Uses
      At line 94 in file uart.s
Comment: GPIOA_AFRL used once
GPIOA_AFRL_OFFSET 00000020

Symbol: GPIOA_AFRL_OFFSET
   Definitions
      At line 10 in file uart.s
   Uses



ARM Macro Assembler    Page 3 Alphabetic symbol ordering
Absolute symbols

      At line 11 in file uart.s
Comment: GPIOA_AFRL_OFFSET used once
GPIOA_ALT_SLT 000000A0

Symbol: GPIOA_ALT_SLT
   Definitions
      At line 39 in file uart.s
   Uses
      At line 102 in file uart.s
Comment: GPIOA_ALT_SLT used once
GPIOA_BASE 40020000

Symbol: GPIOA_BASE
   Definitions
      At line 7 in file uart.s
   Uses
      At line 9 in file uart.s
      At line 11 in file uart.s
      At line 34 in file uart.s

GPIOA_BSRR 40020018

Symbol: GPIOA_BSRR
   Definitions
      At line 34 in file uart.s
   Uses
      At line 182 in file uart.s
      At line 189 in file uart.s

GPIOA_BSRR_OFFSET 00000018

Symbol: GPIOA_BSRR_OFFSET
   Definitions
      At line 33 in file uart.s
   Uses
      At line 34 in file uart.s
Comment: GPIOA_BSRR_OFFSET used once
GPIOA_EN 00000001

Symbol: GPIOA_EN
   Definitions
      At line 37 in file uart.s
   Uses
      At line 82 in file uart.s
Comment: GPIOA_EN used once
GPIOA_MODER 40020000

Symbol: GPIOA_MODER
   Definitions
      At line 9 in file uart.s
   Uses
      At line 100 in file uart.s
Comment: GPIOA_MODER used once
GPIOA_MODER_OFFSET 00000000

Symbol: GPIOA_MODER_OFFSET
   Definitions
      At line 8 in file uart.s
   Uses



ARM Macro Assembler    Page 4 Alphabetic symbol ordering
Absolute symbols

      At line 9 in file uart.s
Comment: GPIOA_MODER_OFFSET used once
LF 0000000A

Symbol: LF
   Definitions
      At line 61 in file uart.s
   Uses
      None
Comment: LF unused
MODER5_OUT 00000400

Symbol: MODER5_OUT
   Definitions
      At line 42 in file uart.s
   Uses
      None
Comment: MODER5_OUT unused
ONESEC 00516155

Symbol: ONESEC
   Definitions
      At line 68 in file uart.s
   Uses
      At line 185 in file uart.s
      At line 192 in file uart.s

RCC_AHB1ENR 40023830

Symbol: RCC_AHB1ENR
   Definitions
      At line 6 in file uart.s
   Uses
      At line 80 in file uart.s
Comment: RCC_AHB1ENR used once
RCC_APB1ENR 40023840

Symbol: RCC_APB1ENR
   Definitions
      At line 13 in file uart.s
   Uses
      At line 86 in file uart.s
Comment: RCC_APB1ENR used once
RCC_BASE 40023800

Symbol: RCC_BASE
   Definitions
      At line 3 in file uart.s
   Uses
      At line 6 in file uart.s
      At line 13 in file uart.s

RX_BF_FLG 00000020

Symbol: RX_BF_FLG
   Definitions
      At line 58 in file uart.s
   Uses
      At line 144 in file uart.s



ARM Macro Assembler    Page 5 Alphabetic symbol ordering
Absolute symbols

Comment: RX_BF_FLG used once
SPA 00000020

Symbol: SPA
   Definitions
      At line 64 in file uart.s
   Uses
      None
Comment: SPA unused
TX_BF_FLG 00000080

Symbol: TX_BF_FLG
   Definitions
      At line 57 in file uart.s
   Uses
      At line 158 in file uart.s
Comment: TX_BF_FLG used once
UART2_BASE 40004400

Symbol: UART2_BASE
   Definitions
      At line 16 in file uart.s
   Uses
      At line 19 in file uart.s
      At line 21 in file uart.s
      At line 23 in file uart.s
      At line 25 in file uart.s
      At line 27 in file uart.s
      At line 30 in file uart.s

UART2_BRR 40004408

Symbol: UART2_BRR
   Definitions
      At line 19 in file uart.s
   Uses
      At line 114 in file uart.s
Comment: UART2_BRR used once
UART2_BRR_OFFSET 00000008

Symbol: UART2_BRR_OFFSET
   Definitions
      At line 18 in file uart.s
   Uses
      At line 19 in file uart.s
Comment: UART2_BRR_OFFSET used once
UART2_CR1 4000440C

Symbol: UART2_CR1
   Definitions
      At line 21 in file uart.s
   Uses
      At line 119 in file uart.s
      At line 134 in file uart.s

UART2_CR1_EN 00002000

Symbol: UART2_CR1_EN
   Definitions



ARM Macro Assembler    Page 6 Alphabetic symbol ordering
Absolute symbols

      At line 48 in file uart.s
   Uses
      At line 136 in file uart.s
Comment: UART2_CR1_EN used once
UART2_CR1_OFFSET 0000000C

Symbol: UART2_CR1_OFFSET
   Definitions
      At line 20 in file uart.s
   Uses
      At line 21 in file uart.s
Comment: UART2_CR1_OFFSET used once
UART2_CR2 40004410

Symbol: UART2_CR2
   Definitions
      At line 23 in file uart.s
   Uses
      At line 124 in file uart.s
Comment: UART2_CR2 used once
UART2_CR2_OFFSET 00000010

Symbol: UART2_CR2_OFFSET
   Definitions
      At line 22 in file uart.s
   Uses
      At line 23 in file uart.s
Comment: UART2_CR2_OFFSET used once
UART2_CR3 40004414

Symbol: UART2_CR3
   Definitions
      At line 25 in file uart.s
   Uses
      At line 129 in file uart.s
Comment: UART2_CR3 used once
UART2_CR3_OFFSET 00000014

Symbol: UART2_CR3_OFFSET
   Definitions
      At line 24 in file uart.s
   Uses
      At line 25 in file uart.s
Comment: UART2_CR3_OFFSET used once
UART2_DR 40004404

Symbol: UART2_DR
   Definitions
      At line 30 in file uart.s
   Uses
      At line 148 in file uart.s
      At line 162 in file uart.s

UART2_DR_OFFSET 00000004

Symbol: UART2_DR_OFFSET
   Definitions
      At line 29 in file uart.s
   Uses



ARM Macro Assembler    Page 7 Alphabetic symbol ordering
Absolute symbols

      At line 30 in file uart.s
Comment: UART2_DR_OFFSET used once
UART2_EN 00020000

Symbol: UART2_EN
   Definitions
      At line 36 in file uart.s
   Uses
      At line 88 in file uart.s
Comment: UART2_EN used once
UART2_SR 40004400

Symbol: UART2_SR
   Definitions
      At line 27 in file uart.s
   Uses
      At line 141 in file uart.s
      At line 155 in file uart.s

UART2_SR_OFFSET 00000000

Symbol: UART2_SR_OFFSET
   Definitions
      At line 26 in file uart.s
   Uses
      At line 27 in file uart.s
Comment: UART2_SR_OFFSET used once
46 symbols
392 symbols in table
